{"D:\\React\\Belajar\\Latihan\\src\\components\\alert\\index.tsx": {"path":"D:\\React\\Belajar\\Latihan\\src\\components\\alert\\index.tsx","statementMap":{"0":{"start":{"line":4,"column":24},"end":{"line":4,"column":29}},"1":{"start":{"line":1,"column":58},"end":{"line":1,"column":null}},"2":{"start":{"line":7,"column":31},"end":{"line":25,"column":null}},"3":{"start":{"line":8,"column":8},"end":{"line":24,"column":null}},"4":{"start":{"line":9,"column":12},"end":{"line":14,"column":null}},"5":{"start":{"line":17,"column":12},"end":{"line":22,"column":null}},"6":{"start":{"line":27,"column":4},"end":{"line":28,"column":null}}},"fnMap":{"0":{"name":"(anonymous_0)","decl":{"start":{"line":4,"column":24},"end":{"line":4,"column":29}},"loc":{"start":{"line":4,"column":24},"end":{"line":4,"column":29}}},"1":{"name":"(anonymous_2)","decl":{"start":{"line":7,"column":31},"end":{"line":7,"column":37}},"loc":{"start":{"line":7,"column":37},"end":{"line":25,"column":null}}}},"branchMap":{"0":{"loc":{"start":{"line":8,"column":8},"end":{"line":24,"column":null}},"type":"if","locations":[{"start":{"line":8,"column":8},"end":{"line":24,"column":null}},{"start":{"line":16,"column":15},"end":{"line":24,"column":null}}]}},"s":{"0":2,"1":11,"2":2,"3":2,"4":1,"5":1,"6":2},"f":{"0":4,"1":2},"b":{"0":[1,1]}}
,"D:\\React\\Belajar\\Latihan\\src\\components\\alert\\styles.ts": {"path":"D:\\React\\Belajar\\Latihan\\src\\components\\alert\\styles.ts","statementMap":{"0":{"start":{"line":3,"column":13},"end":{"line":3,"column":27}},"1":{"start":{"line":14,"column":13},"end":{"line":14,"column":23}},"2":{"start":{"line":19,"column":13},"end":{"line":19,"column":29}},"3":{"start":{"line":1,"column":19},"end":{"line":1,"column":null}}},"fnMap":{"0":{"name":"(anonymous_1)","decl":{"start":{"line":3,"column":27},"end":{"line":3,"column":30}},"loc":{"start":{"line":3,"column":13},"end":{"line":3,"column":27}}},"1":{"name":"(anonymous_2)","decl":{"start":{"line":14,"column":23},"end":{"line":14,"column":26}},"loc":{"start":{"line":14,"column":13},"end":{"line":14,"column":23}}},"2":{"name":"(anonymous_3)","decl":{"start":{"line":19,"column":29},"end":{"line":19,"column":32}},"loc":{"start":{"line":19,"column":13},"end":{"line":19,"column":29}}}},"branchMap":{},"s":{"0":1,"1":2,"2":1,"3":11},"f":{"0":1,"1":2,"2":1},"b":{}}
,"D:\\React\\Belajar\\Latihan\\src\\components\\button_icon\\index.tsx": {"path":"D:\\React\\Belajar\\Latihan\\src\\components\\button_icon\\index.tsx","statementMap":{"0":{"start":{"line":5,"column":24},"end":{"line":5,"column":34}},"1":{"start":{"line":1,"column":30},"end":{"line":1,"column":null}},"2":{"start":{"line":3,"column":18},"end":{"line":3,"column":null}},"3":{"start":{"line":7,"column":26},"end":{"line":9,"column":null}},"4":{"start":{"line":8,"column":8},"end":{"line":8,"column":null}},"5":{"start":{"line":12,"column":4},"end":{"line":15,"column":null}}},"fnMap":{"0":{"name":"(anonymous_0)","decl":{"start":{"line":5,"column":24},"end":{"line":5,"column":34}},"loc":{"start":{"line":5,"column":24},"end":{"line":5,"column":34}}},"1":{"name":"(anonymous_3)","decl":{"start":{"line":7,"column":26},"end":{"line":7,"column":32}},"loc":{"start":{"line":7,"column":32},"end":{"line":9,"column":null}}}},"branchMap":{"0":{"loc":{"start":{"line":5,"column":66},"end":{"line":5,"column":90}},"type":"default-arg","locations":[{"start":{"line":5,"column":77},"end":{"line":5,"column":90}}]}},"s":{"0":82,"1":4,"2":4,"3":82,"4":8,"5":82},"f":{"0":164,"1":8},"b":{"0":[12]}}
,"D:\\React\\Belajar\\Latihan\\src\\components\\button_icon\\styles.ts": {"path":"D:\\React\\Belajar\\Latihan\\src\\components\\button_icon\\styles.ts","statementMap":{"0":{"start":{"line":3,"column":13},"end":{"line":3,"column":28}},"1":{"start":{"line":1,"column":19},"end":{"line":1,"column":null}}},"fnMap":{"0":{"name":"(anonymous_0)","decl":{"start":{"line":3,"column":13},"end":{"line":3,"column":28}},"loc":{"start":{"line":3,"column":13},"end":{"line":3,"column":28}}}},"branchMap":{},"s":{"0":82,"1":4},"f":{"0":82},"b":{}}
,"D:\\React\\Belajar\\Latihan\\src\\components\\buttons\\index.tsx": {"path":"D:\\React\\Belajar\\Latihan\\src\\components\\buttons\\index.tsx","statementMap":{"0":{"start":{"line":4,"column":24},"end":{"line":4,"column":31}},"1":{"start":{"line":1,"column":110},"end":{"line":1,"column":null}},"2":{"start":{"line":6,"column":26},"end":{"line":8,"column":null}},"3":{"start":{"line":7,"column":8},"end":{"line":7,"column":null}},"4":{"start":{"line":10,"column":33},"end":{"line":38,"column":null}},"5":{"start":{"line":11,"column":8},"end":{"line":37,"column":null}},"6":{"start":{"line":13,"column":16},"end":{"line":16,"column":null}},"7":{"start":{"line":19,"column":16},"end":{"line":22,"column":null}},"8":{"start":{"line":25,"column":16},"end":{"line":28,"column":null}},"9":{"start":{"line":32,"column":16},"end":{"line":35,"column":null}},"10":{"start":{"line":40,"column":4},"end":{"line":40,"column":null}}},"fnMap":{"0":{"name":"(anonymous_0)","decl":{"start":{"line":4,"column":24},"end":{"line":4,"column":31}},"loc":{"start":{"line":4,"column":24},"end":{"line":4,"column":31}}},"1":{"name":"(anonymous_2)","decl":{"start":{"line":6,"column":26},"end":{"line":6,"column":32}},"loc":{"start":{"line":6,"column":32},"end":{"line":8,"column":null}}},"2":{"name":"(anonymous_3)","decl":{"start":{"line":10,"column":33},"end":{"line":10,"column":39}},"loc":{"start":{"line":10,"column":39},"end":{"line":38,"column":null}}}},"branchMap":{"0":{"loc":{"start":{"line":4,"column":62},"end":{"line":4,"column":77}},"type":"default-arg","locations":[{"start":{"line":4,"column":69},"end":{"line":4,"column":77}}]},"1":{"loc":{"start":{"line":4,"column":79},"end":{"line":4,"column":99}},"type":"default-arg","locations":[{"start":{"line":4,"column":90},"end":{"line":4,"column":99}}]},"2":{"loc":{"start":{"line":4,"column":101},"end":{"line":4,"column":117}},"type":"default-arg","locations":[{"start":{"line":4,"column":112},"end":{"line":4,"column":117}}]},"3":{"loc":{"start":{"line":4,"column":119},"end":{"line":4,"column":142}},"type":"default-arg","locations":[{"start":{"line":4,"column":130},"end":{"line":4,"column":142}}]},"4":{"loc":{"start":{"line":11,"column":8},"end":{"line":37,"column":null}},"type":"switch","locations":[{"start":{"line":12,"column":12},"end":{"line":16,"column":null}},{"start":{"line":18,"column":12},"end":{"line":22,"column":null}},{"start":{"line":24,"column":12},"end":{"line":28,"column":null}},{"start":{"line":31,"column":12},"end":{"line":35,"column":null}}]}},"s":{"0":37,"1":11,"2":37,"3":11,"4":37,"5":37,"6":21,"7":6,"8":4,"9":6,"10":37},"f":{"0":74,"1":11,"2":37},"b":{"0":[12],"1":[19],"2":[16],"3":[12],"4":[21,6,4,6]}}
,"D:\\React\\Belajar\\Latihan\\src\\components\\buttons\\styles.ts": {"path":"D:\\React\\Belajar\\Latihan\\src\\components\\buttons\\styles.ts","statementMap":{"0":{"start":{"line":3,"column":13},"end":{"line":3,"column":35}},"1":{"start":{"line":17,"column":13},"end":{"line":17,"column":34}},"2":{"start":{"line":30,"column":13},"end":{"line":30,"column":35}},"3":{"start":{"line":42,"column":13},"end":{"line":42,"column":35}},"4":{"start":{"line":1,"column":19},"end":{"line":1,"column":null}}},"fnMap":{"0":{"name":"(anonymous_1)","decl":{"start":{"line":3,"column":35},"end":{"line":3,"column":38}},"loc":{"start":{"line":3,"column":13},"end":{"line":3,"column":35}}},"1":{"name":"(anonymous_2)","decl":{"start":{"line":17,"column":34},"end":{"line":17,"column":37}},"loc":{"start":{"line":17,"column":13},"end":{"line":17,"column":34}}},"2":{"name":"(anonymous_3)","decl":{"start":{"line":30,"column":35},"end":{"line":30,"column":38}},"loc":{"start":{"line":30,"column":13},"end":{"line":30,"column":35}}},"3":{"name":"(anonymous_4)","decl":{"start":{"line":42,"column":35},"end":{"line":42,"column":38}},"loc":{"start":{"line":42,"column":13},"end":{"line":42,"column":35}}}},"branchMap":{},"s":{"0":21,"1":6,"2":4,"3":6,"4":11},"f":{"0":21,"1":6,"2":4,"3":6},"b":{}}
,"D:\\React\\Belajar\\Latihan\\src\\components\\cards\\index.tsx": {"path":"D:\\React\\Belajar\\Latihan\\src\\components\\cards\\index.tsx","statementMap":{"0":{"start":{"line":4,"column":24},"end":{"line":4,"column":29}},"1":{"start":{"line":1,"column":39},"end":{"line":1,"column":null}},"2":{"start":{"line":6,"column":4},"end":{"line":12,"column":null}}},"fnMap":{"0":{"name":"(anonymous_0)","decl":{"start":{"line":4,"column":24},"end":{"line":4,"column":29}},"loc":{"start":{"line":4,"column":24},"end":{"line":4,"column":29}}}},"branchMap":{},"s":{"0":1,"1":1,"2":1},"f":{"0":2},"b":{}}
,"D:\\React\\Belajar\\Latihan\\src\\components\\cards\\styles.ts": {"path":"D:\\React\\Belajar\\Latihan\\src\\components\\cards\\styles.ts","statementMap":{"0":{"start":{"line":4,"column":13},"end":{"line":4,"column":26}},"1":{"start":{"line":12,"column":13},"end":{"line":12,"column":22}},"2":{"start":{"line":1,"column":19},"end":{"line":1,"column":null}}},"fnMap":{"0":{"name":"(anonymous_1)","decl":{"start":{"line":4,"column":26},"end":{"line":4,"column":29}},"loc":{"start":{"line":4,"column":13},"end":{"line":4,"column":26}}},"1":{"name":"(anonymous_2)","decl":{"start":{"line":12,"column":22},"end":{"line":12,"column":25}},"loc":{"start":{"line":12,"column":13},"end":{"line":12,"column":22}}}},"branchMap":{},"s":{"0":1,"1":1,"2":1},"f":{"0":1,"1":1},"b":{}}
,"D:\\React\\Belajar\\Latihan\\src\\components\\contact_favorites\\index.tsx": {"path":"D:\\React\\Belajar\\Latihan\\src\\components\\contact_favorites\\index.tsx","statementMap":{"0":{"start":{"line":8,"column":24},"end":{"line":8,"column":39}},"1":{"start":{"line":1,"column":72},"end":{"line":1,"column":null}},"2":{"start":{"line":3,"column":18},"end":{"line":3,"column":null}},"3":{"start":{"line":4,"column":19},"end":{"line":4,"column":null}},"4":{"start":{"line":5,"column":17},"end":{"line":5,"column":null}},"5":{"start":{"line":9,"column":25},"end":{"line":11,"column":null}},"6":{"start":{"line":10,"column":8},"end":{"line":10,"column":null}},"7":{"start":{"line":12,"column":4},"end":{"line":22,"column":null}}},"fnMap":{"0":{"name":"(anonymous_0)","decl":{"start":{"line":8,"column":24},"end":{"line":8,"column":39}},"loc":{"start":{"line":8,"column":24},"end":{"line":8,"column":39}}},"1":{"name":"(anonymous_3)","decl":{"start":{"line":9,"column":25},"end":{"line":9,"column":31}},"loc":{"start":{"line":9,"column":31},"end":{"line":11,"column":null}}}},"branchMap":{},"s":{"0":2,"1":1,"2":1,"3":1,"4":1,"5":2,"6":1,"7":2},"f":{"0":4,"1":1},"b":{}}
,"D:\\React\\Belajar\\Latihan\\src\\components\\contact_favorites\\styles.ts": {"path":"D:\\React\\Belajar\\Latihan\\src\\components\\contact_favorites\\styles.ts","statementMap":{"0":{"start":{"line":4,"column":13},"end":{"line":4,"column":29}},"1":{"start":{"line":15,"column":13},"end":{"line":15,"column":25}},"2":{"start":{"line":22,"column":13},"end":{"line":22,"column":22}},"3":{"start":{"line":31,"column":13},"end":{"line":31,"column":27}},"4":{"start":{"line":1,"column":19},"end":{"line":1,"column":null}}},"fnMap":{"0":{"name":"(anonymous_1)","decl":{"start":{"line":4,"column":29},"end":{"line":4,"column":32}},"loc":{"start":{"line":4,"column":13},"end":{"line":4,"column":29}}},"1":{"name":"(anonymous_2)","decl":{"start":{"line":15,"column":25},"end":{"line":15,"column":28}},"loc":{"start":{"line":15,"column":13},"end":{"line":15,"column":25}}},"2":{"name":"(anonymous_3)","decl":{"start":{"line":22,"column":22},"end":{"line":22,"column":25}},"loc":{"start":{"line":22,"column":13},"end":{"line":22,"column":22}}},"3":{"name":"(anonymous_4)","decl":{"start":{"line":31,"column":27},"end":{"line":31,"column":30}},"loc":{"start":{"line":31,"column":13},"end":{"line":31,"column":27}}}},"branchMap":{},"s":{"0":2,"1":2,"2":2,"3":2,"4":1},"f":{"0":2,"1":2,"2":2,"3":2},"b":{}}
,"D:\\React\\Belajar\\Latihan\\src\\components\\contact_profile\\index.tsx": {"path":"D:\\React\\Belajar\\Latihan\\src\\components\\contact_profile\\index.tsx","statementMap":{"0":{"start":{"line":23,"column":24},"end":{"line":23,"column":38}},"1":{"start":{"line":1,"column":48},"end":{"line":1,"column":null}},"2":{"start":{"line":3,"column":18},"end":{"line":3,"column":null}},"3":{"start":{"line":4,"column":23},"end":{"line":4,"column":null}},"4":{"start":{"line":5,"column":27},"end":{"line":5,"column":null}},"5":{"start":{"line":6,"column":57},"end":{"line":6,"column":null}},"6":{"start":{"line":7,"column":30},"end":{"line":7,"column":null}},"7":{"start":{"line":8,"column":103},"end":{"line":8,"column":null}},"8":{"start":{"line":9,"column":24},"end":{"line":9,"column":null}},"9":{"start":{"line":10,"column":26},"end":{"line":10,"column":null}},"10":{"start":{"line":11,"column":19},"end":{"line":11,"column":null}},"11":{"start":{"line":12,"column":17},"end":{"line":12,"column":null}},"12":{"start":{"line":13,"column":24},"end":{"line":13,"column":null}},"13":{"start":{"line":14,"column":17},"end":{"line":14,"column":null}},"14":{"start":{"line":15,"column":19},"end":{"line":15,"column":null}},"15":{"start":{"line":16,"column":19},"end":{"line":16,"column":null}},"16":{"start":{"line":17,"column":22},"end":{"line":17,"column":null}},"17":{"start":{"line":18,"column":16},"end":{"line":18,"column":null}},"18":{"start":{"line":19,"column":20},"end":{"line":19,"column":null}},"19":{"start":{"line":25,"column":25},"end":{"line":25,"column":47}},"20":{"start":{"line":26,"column":44},"end":{"line":26,"column":59}},"21":{"start":{"line":27,"column":37},"end":{"line":30,"column":6}},"22":{"start":{"line":31,"column":46},"end":{"line":34,"column":6}},"23":{"start":{"line":35,"column":25},"end":{"line":35,"column":64}},"24":{"start":{"line":36,"column":4},"end":{"line":42,"column":null}},"25":{"start":{"line":37,"column":29},"end":{"line":37,"column":177}},"26":{"start":{"line":37,"column":122},"end":{"line":37,"column":136}},"27":{"start":{"line":38,"column":8},"end":{"line":41,"column":null}},"28":{"start":{"line":38,"column":103},"end":{"line":41,"column":10}},"29":{"start":{"line":68,"column":28},"end":{"line":70,"column":null}},"30":{"start":{"line":69,"column":8},"end":{"line":69,"column":null}},"31":{"start":{"line":71,"column":28},"end":{"line":77,"column":null}},"32":{"start":{"line":72,"column":8},"end":{"line":72,"column":null}},"33":{"start":{"line":73,"column":8},"end":{"line":76,"column":12}},"34":{"start":{"line":73,"column":32},"end":{"line":76,"column":10}},"35":{"start":{"line":78,"column":23},"end":{"line":83,"column":null}},"36":{"start":{"line":79,"column":8},"end":{"line":82,"column":12}},"37":{"start":{"line":79,"column":32},"end":{"line":82,"column":10}},"38":{"start":{"line":85,"column":25},"end":{"line":87,"column":null}},"39":{"start":{"line":86,"column":8},"end":{"line":86,"column":null}},"40":{"start":{"line":88,"column":4},"end":{"line":121,"column":null}},"41":{"start":{"line":101,"column":76},"end":{"line":101,"column":95}},"42":{"start":{"line":106,"column":112},"end":{"line":106,"column":137}},"43":{"start":{"line":107,"column":114},"end":{"line":107,"column":141}},"44":{"start":{"line":108,"column":77},"end":{"line":108,"column":93}},"45":{"start":{"line":113,"column":74},"end":{"line":113,"column":94}},"46":{"start":{"line":118,"column":78},"end":{"line":118,"column":100}}},"fnMap":{"0":{"name":"(anonymous_0)","decl":{"start":{"line":23,"column":24},"end":{"line":23,"column":38}},"loc":{"start":{"line":23,"column":24},"end":{"line":23,"column":38}}},"1":{"name":"(anonymous_3)","decl":{"start":{"line":36,"column":14},"end":{"line":36,"column":20}},"loc":{"start":{"line":36,"column":20},"end":{"line":42,"column":7}}},"2":{"name":"(anonymous_4)","decl":{"start":{"line":37,"column":107},"end":{"line":37,"column":108}},"loc":{"start":{"line":37,"column":122},"end":{"line":37,"column":136}}},"3":{"name":"(anonymous_5)","decl":{"start":{"line":38,"column":82},"end":{"line":38,"column":83}},"loc":{"start":{"line":38,"column":103},"end":{"line":41,"column":10}}},"4":{"name":"(anonymous_6)","decl":{"start":{"line":68,"column":28},"end":{"line":68,"column":34}},"loc":{"start":{"line":68,"column":34},"end":{"line":70,"column":null}}},"5":{"name":"(anonymous_7)","decl":{"start":{"line":71,"column":28},"end":{"line":71,"column":29}},"loc":{"start":{"line":71,"column":46},"end":{"line":77,"column":null}}},"6":{"name":"(anonymous_8)","decl":{"start":{"line":73,"column":18},"end":{"line":73,"column":27}},"loc":{"start":{"line":73,"column":32},"end":{"line":76,"column":10}}},"7":{"name":"(anonymous_9)","decl":{"start":{"line":78,"column":23},"end":{"line":78,"column":24}},"loc":{"start":{"line":78,"column":41},"end":{"line":83,"column":null}}},"8":{"name":"(anonymous_10)","decl":{"start":{"line":79,"column":18},"end":{"line":79,"column":27}},"loc":{"start":{"line":79,"column":32},"end":{"line":82,"column":10}}},"9":{"name":"(anonymous_11)","decl":{"start":{"line":85,"column":25},"end":{"line":85,"column":31}},"loc":{"start":{"line":85,"column":31},"end":{"line":87,"column":null}}},"10":{"name":"(anonymous_12)","decl":{"start":{"line":101,"column":68},"end":{"line":101,"column":74}},"loc":{"start":{"line":101,"column":74},"end":{"line":101,"column":97}}},"11":{"name":"(anonymous_13)","decl":{"start":{"line":106,"column":104},"end":{"line":106,"column":110}},"loc":{"start":{"line":106,"column":110},"end":{"line":106,"column":139}}},"12":{"name":"(anonymous_14)","decl":{"start":{"line":107,"column":106},"end":{"line":107,"column":112}},"loc":{"start":{"line":107,"column":112},"end":{"line":107,"column":143}}},"13":{"name":"(anonymous_15)","decl":{"start":{"line":108,"column":69},"end":{"line":108,"column":75}},"loc":{"start":{"line":108,"column":75},"end":{"line":108,"column":95}}},"14":{"name":"(anonymous_16)","decl":{"start":{"line":113,"column":66},"end":{"line":113,"column":72}},"loc":{"start":{"line":113,"column":72},"end":{"line":113,"column":96}}},"15":{"name":"(anonymous_17)","decl":{"start":{"line":118,"column":70},"end":{"line":118,"column":76}},"loc":{"start":{"line":118,"column":76},"end":{"line":118,"column":102}}}},"branchMap":{"0":{"loc":{"start":{"line":37,"column":29},"end":{"line":37,"column":177}},"type":"cond-expr","locations":[{"start":{"line":37,"column":87},"end":{"line":37,"column":137}},{"start":{"line":37,"column":140},"end":{"line":37,"column":177}}]},"1":{"loc":{"start":{"line":37,"column":29},"end":{"line":37,"column":83}},"type":"binary-expr","locations":[{"start":{"line":37,"column":29},"end":{"line":37,"column":56}},{"start":{"line":37,"column":60},"end":{"line":37,"column":83}}]},"2":{"loc":{"start":{"line":38,"column":8},"end":{"line":41,"column":11}},"type":"binary-expr","locations":[{"start":{"line":38,"column":8},"end":{"line":38,"column":34}},{"start":{"line":38,"column":38},"end":{"line":38,"column":61}},{"start":{"line":38,"column":65},"end":{"line":41,"column":11}}]},"3":{"loc":{"start":{"line":101,"column":143},"end":{"line":101,"column":199}},"type":"cond-expr","locations":[{"start":{"line":101,"column":172},"end":{"line":101,"column":184}},{"start":{"line":101,"column":184},"end":{"line":101,"column":199}}]},"4":{"loc":{"start":{"line":102,"column":94},"end":{"line":102,"column":126}},"type":"cond-expr","locations":[{"start":{"line":102,"column":109},"end":{"line":102,"column":119}},{"start":{"line":102,"column":119},"end":{"line":102,"column":126}}]},"5":{"loc":{"start":{"line":112,"column":16},"end":{"line":113,"column":106}},"type":"binary-expr","locations":[{"start":{"line":112,"column":16},"end":{"line":112,"column":32}},{"start":{"line":113,"column":20},"end":{"line":113,"column":106}}]},"6":{"loc":{"start":{"line":117,"column":16},"end":{"line":118,"column":112}},"type":"binary-expr","locations":[{"start":{"line":117,"column":16},"end":{"line":117,"column":34}},{"start":{"line":118,"column":20},"end":{"line":118,"column":112}}]}},"s":{"0":7,"1":1,"2":1,"3":1,"4":1,"5":1,"6":1,"7":1,"8":1,"9":1,"10":1,"11":1,"12":1,"13":1,"14":1,"15":1,"16":1,"17":1,"18":1,"19":14,"20":14,"21":14,"22":14,"23":14,"24":14,"25":7,"26":7,"27":7,"28":0,"29":14,"30":3,"31":14,"32":2,"33":2,"34":3,"35":14,"36":0,"37":0,"38":14,"39":2,"40":14,"41":1,"42":1,"43":1,"44":1,"45":0,"46":0},"f":{"0":21,"1":7,"2":7,"3":0,"4":3,"5":2,"6":3,"7":0,"8":0,"9":2,"10":1,"11":1,"12":1,"13":1,"14":0,"15":0},"b":{"0":[7,0],"1":[7,7],"2":[7,7,0],"3":[1,13],"4":[3,11],"5":[14,2],"6":[14,1]}}
,"D:\\React\\Belajar\\Latihan\\src\\components\\contact_profile\\styles.ts": {"path":"D:\\React\\Belajar\\Latihan\\src\\components\\contact_profile\\styles.ts","statementMap":{"0":{"start":{"line":3,"column":13},"end":{"line":3,"column":29}},"1":{"start":{"line":11,"column":13},"end":{"line":11,"column":27}},"2":{"start":{"line":19,"column":13},"end":{"line":19,"column":22}},"3":{"start":{"line":30,"column":13},"end":{"line":30,"column":23}},"4":{"start":{"line":36,"column":13},"end":{"line":36,"column":26}},"5":{"start":{"line":43,"column":13},"end":{"line":43,"column":27}},"6":{"start":{"line":1,"column":19},"end":{"line":1,"column":null}}},"fnMap":{"0":{"name":"(anonymous_1)","decl":{"start":{"line":3,"column":29},"end":{"line":3,"column":32}},"loc":{"start":{"line":3,"column":13},"end":{"line":3,"column":29}}},"1":{"name":"(anonymous_2)","decl":{"start":{"line":11,"column":27},"end":{"line":11,"column":30}},"loc":{"start":{"line":11,"column":13},"end":{"line":11,"column":27}}},"2":{"name":"(anonymous_3)","decl":{"start":{"line":19,"column":22},"end":{"line":19,"column":25}},"loc":{"start":{"line":19,"column":13},"end":{"line":19,"column":22}}},"3":{"name":"(anonymous_4)","decl":{"start":{"line":30,"column":23},"end":{"line":30,"column":26}},"loc":{"start":{"line":30,"column":13},"end":{"line":30,"column":23}}},"4":{"name":"(anonymous_5)","decl":{"start":{"line":36,"column":26},"end":{"line":36,"column":29}},"loc":{"start":{"line":36,"column":13},"end":{"line":36,"column":26}}},"5":{"name":"(anonymous_6)","decl":{"start":{"line":43,"column":27},"end":{"line":43,"column":30}},"loc":{"start":{"line":43,"column":13},"end":{"line":43,"column":27}}}},"branchMap":{},"s":{"0":14,"1":14,"2":14,"3":14,"4":14,"5":14,"6":1},"f":{"0":14,"1":14,"2":14,"3":14,"4":14,"5":14},"b":{}}
,"D:\\React\\Belajar\\Latihan\\src\\components\\input\\index.tsx": {"path":"D:\\React\\Belajar\\Latihan\\src\\components\\input\\index.tsx","statementMap":{"0":{"start":{"line":6,"column":24},"end":{"line":6,"column":29}},"1":{"start":{"line":1,"column":23},"end":{"line":1,"column":null}},"2":{"start":{"line":2,"column":120},"end":{"line":2,"column":null}},"3":{"start":{"line":4,"column":18},"end":{"line":4,"column":null}},"4":{"start":{"line":8,"column":20},"end":{"line":8,"column":31}},"5":{"start":{"line":9,"column":27},"end":{"line":19,"column":null}},"6":{"start":{"line":11,"column":26},"end":{"line":11,"column":47}},"7":{"start":{"line":12,"column":8},"end":{"line":16,"column":null}},"8":{"start":{"line":13,"column":12},"end":{"line":13,"column":64}},"9":{"start":{"line":15,"column":12},"end":{"line":15,"column":66}},"10":{"start":{"line":17,"column":8},"end":{"line":17,"column":null}},"11":{"start":{"line":18,"column":8},"end":{"line":18,"column":null}},"12":{"start":{"line":20,"column":4},"end":{"line":60,"column":null}},"13":{"start":{"line":47,"column":42},"end":{"line":47,"column":60}}},"fnMap":{"0":{"name":"(anonymous_0)","decl":{"start":{"line":6,"column":24},"end":{"line":6,"column":29}},"loc":{"start":{"line":6,"column":24},"end":{"line":6,"column":29}}},"1":{"name":"(anonymous_3)","decl":{"start":{"line":9,"column":27},"end":{"line":9,"column":28}},"loc":{"start":{"line":9,"column":69},"end":{"line":19,"column":null}}},"2":{"name":"(anonymous_4)","decl":{"start":{"line":47,"column":30},"end":{"line":47,"column":31}},"loc":{"start":{"line":47,"column":41},"end":{"line":47,"column":null}}}},"branchMap":{"0":{"loc":{"start":{"line":6,"column":186},"end":{"line":6,"column":210}},"type":"default-arg","locations":[{"start":{"line":6,"column":195},"end":{"line":6,"column":210}}]},"1":{"loc":{"start":{"line":12,"column":8},"end":{"line":16,"column":null}},"type":"if","locations":[{"start":{"line":12,"column":8},"end":{"line":16,"column":null}},{"start":{"line":14,"column":15},"end":{"line":16,"column":null}}]},"2":{"loc":{"start":{"line":22,"column":13},"end":{"line":23,"column":70}},"type":"binary-expr","locations":[{"start":{"line":22,"column":13},"end":{"line":22,"column":18}},{"start":{"line":23,"column":16},"end":{"line":23,"column":70}}]},"3":{"loc":{"start":{"line":26,"column":17},"end":{"line":29,"column":40}},"type":"binary-expr","locations":[{"start":{"line":26,"column":17},"end":{"line":26,"column":25}},{"start":{"line":27,"column":20},"end":{"line":29,"column":40}}]},"4":{"loc":{"start":{"line":50,"column":17},"end":{"line":53,"column":34}},"type":"binary-expr","locations":[{"start":{"line":50,"column":17},"end":{"line":50,"column":26}},{"start":{"line":51,"column":17},"end":{"line":53,"column":34}}]},"5":{"loc":{"start":{"line":57,"column":13},"end":{"line":58,"column":100}},"type":"binary-expr","locations":[{"start":{"line":57,"column":13},"end":{"line":57,"column":19}},{"start":{"line":58,"column":16},"end":{"line":58,"column":100}}]},"6":{"loc":{"start":{"line":58,"column":52},"end":{"line":58,"column":72}},"type":"cond-expr","locations":[{"start":{"line":58,"column":60},"end":{"line":58,"column":65}},{"start":{"line":58,"column":68},"end":{"line":58,"column":72}}]}},"s":{"0":44,"1":10,"2":10,"3":10,"4":44,"5":44,"6":5,"7":5,"8":2,"9":3,"10":5,"11":5,"12":44,"13":5},"f":{"0":88,"1":5,"2":5},"b":{"0":[4],"1":[2,3],"2":[44,43],"3":[44,2],"4":[44,11],"5":[44,2],"6":[2,0]}}
,"D:\\React\\Belajar\\Latihan\\src\\components\\input\\styles.ts": {"path":"D:\\React\\Belajar\\Latihan\\src\\components\\input\\styles.ts","statementMap":{"0":{"start":{"line":4,"column":13},"end":{"line":4,"column":26}},"1":{"start":{"line":8,"column":13},"end":{"line":8,"column":27}},"2":{"start":{"line":16,"column":13},"end":{"line":16,"column":22}},"3":{"start":{"line":23,"column":13},"end":{"line":23,"column":28}},"4":{"start":{"line":29,"column":13},"end":{"line":29,"column":22}},"5":{"start":{"line":35,"column":13},"end":{"line":35,"column":27}},"6":{"start":{"line":41,"column":13},"end":{"line":41,"column":30}},"7":{"start":{"line":1,"column":19},"end":{"line":1,"column":null}},"8":{"start":{"line":4,"column":29},"end":{"line":23,"column":13}}},"fnMap":{"0":{"name":"(anonymous_1)","decl":{"start":{"line":4,"column":26},"end":{"line":4,"column":29}},"loc":{"start":{"line":4,"column":13},"end":{"line":4,"column":26}}},"1":{"name":"(anonymous_2)","decl":{"start":{"line":8,"column":27},"end":{"line":8,"column":30}},"loc":{"start":{"line":8,"column":13},"end":{"line":8,"column":27}}},"2":{"name":"(anonymous_3)","decl":{"start":{"line":16,"column":22},"end":{"line":16,"column":25}},"loc":{"start":{"line":16,"column":13},"end":{"line":16,"column":22}}},"3":{"name":"(anonymous_4)","decl":{"start":{"line":23,"column":28},"end":{"line":23,"column":31}},"loc":{"start":{"line":23,"column":13},"end":{"line":23,"column":28}}},"4":{"name":"(anonymous_5)","decl":{"start":{"line":29,"column":22},"end":{"line":29,"column":25}},"loc":{"start":{"line":29,"column":13},"end":{"line":29,"column":22}}},"5":{"name":"(anonymous_6)","decl":{"start":{"line":35,"column":27},"end":{"line":35,"column":30}},"loc":{"start":{"line":35,"column":13},"end":{"line":35,"column":27}}},"6":{"name":"(anonymous_7)","decl":{"start":{"line":41,"column":30},"end":{"line":41,"column":33}},"loc":{"start":{"line":41,"column":13},"end":{"line":41,"column":30}}}},"branchMap":{},"s":{"0":44,"1":44,"2":2,"3":11,"4":43,"5":44,"6":2,"7":10,"8":10},"f":{"0":44,"1":44,"2":2,"3":11,"4":43,"5":44,"6":2},"b":{}}
,"D:\\React\\Belajar\\Latihan\\src\\components\\loading\\index.tsx": {"path":"D:\\React\\Belajar\\Latihan\\src\\components\\loading\\index.tsx","statementMap":{"0":{"start":{"line":3,"column":24},"end":{"line":3,"column":31}},"1":{"start":{"line":1,"column":42},"end":{"line":1,"column":null}},"2":{"start":{"line":5,"column":4},"end":{"line":8,"column":null}}},"fnMap":{"0":{"name":"(anonymous_0)","decl":{"start":{"line":3,"column":24},"end":{"line":3,"column":31}},"loc":{"start":{"line":3,"column":24},"end":{"line":3,"column":31}}}},"branchMap":{},"s":{"0":11,"1":3,"2":11},"f":{"0":22},"b":{}}
,"D:\\React\\Belajar\\Latihan\\src\\components\\loading\\styles.ts": {"path":"D:\\React\\Belajar\\Latihan\\src\\components\\loading\\styles.ts","statementMap":{"0":{"start":{"line":3,"column":13},"end":{"line":3,"column":29}},"1":{"start":{"line":13,"column":13},"end":{"line":13,"column":22}},"2":{"start":{"line":1,"column":19},"end":{"line":1,"column":null}}},"fnMap":{"0":{"name":"(anonymous_1)","decl":{"start":{"line":3,"column":29},"end":{"line":3,"column":32}},"loc":{"start":{"line":3,"column":13},"end":{"line":3,"column":29}}},"1":{"name":"(anonymous_2)","decl":{"start":{"line":13,"column":22},"end":{"line":13,"column":25}},"loc":{"start":{"line":13,"column":13},"end":{"line":13,"column":22}}}},"branchMap":{},"s":{"0":11,"1":11,"2":3},"f":{"0":11,"1":11},"b":{}}
,"D:\\React\\Belajar\\Latihan\\src\\context\\app-context.ts": {"path":"D:\\React\\Belajar\\Latihan\\src\\context\\app-context.ts","statementMap":{"0":{"start":{"line":3,"column":13},"end":{"line":3,"column":23}},"1":{"start":{"line":1,"column":28},"end":{"line":1,"column":null}},"2":{"start":{"line":3,"column":30},"end":{"line":3,"column":49}}},"fnMap":{"0":{"name":"(anonymous_0)","decl":{"start":{"line":3,"column":13},"end":{"line":3,"column":23}},"loc":{"start":{"line":3,"column":13},"end":{"line":3,"column":23}}}},"branchMap":{},"s":{"0":62,"1":8,"2":8},"f":{"0":62},"b":{}}
,"D:\\React\\Belajar\\Latihan\\src\\graphql\\contact\\mutations.ts": {"path":"D:\\React\\Belajar\\Latihan\\src\\graphql\\contact\\mutations.ts","statementMap":{"0":{"start":{"line":3,"column":13},"end":{"line":3,"column":24}},"1":{"start":{"line":30,"column":13},"end":{"line":30,"column":27}},"2":{"start":{"line":43,"column":13},"end":{"line":43,"column":25}},"3":{"start":{"line":60,"column":13},"end":{"line":60,"column":27}},"4":{"start":{"line":70,"column":13},"end":{"line":70,"column":22}},"5":{"start":{"line":1,"column":20},"end":{"line":1,"column":null}}},"fnMap":{"0":{"name":"(anonymous_1)","decl":{"start":{"line":3,"column":24},"end":{"line":3,"column":27}},"loc":{"start":{"line":3,"column":13},"end":{"line":3,"column":24}}},"1":{"name":"(anonymous_2)","decl":{"start":{"line":30,"column":27},"end":{"line":30,"column":30}},"loc":{"start":{"line":30,"column":13},"end":{"line":30,"column":27}}},"2":{"name":"(anonymous_3)","decl":{"start":{"line":43,"column":25},"end":{"line":43,"column":28}},"loc":{"start":{"line":43,"column":13},"end":{"line":43,"column":25}}},"3":{"name":"(anonymous_4)","decl":{"start":{"line":60,"column":27},"end":{"line":60,"column":30}},"loc":{"start":{"line":60,"column":13},"end":{"line":60,"column":27}}},"4":{"name":"(anonymous_5)","decl":{"start":{"line":70,"column":22},"end":{"line":70,"column":25}},"loc":{"start":{"line":70,"column":13},"end":{"line":70,"column":22}}}},"branchMap":{},"s":{"0":2,"1":4,"2":6,"3":5,"4":3,"5":8},"f":{"0":2,"1":4,"2":6,"3":5,"4":3},"b":{}}
,"D:\\React\\Belajar\\Latihan\\src\\graphql\\contact\\queries.ts": {"path":"D:\\React\\Belajar\\Latihan\\src\\graphql\\contact\\queries.ts","statementMap":{"0":{"start":{"line":2,"column":13},"end":{"line":2,"column":28}},"1":{"start":{"line":27,"column":13},"end":{"line":27,"column":27}},"2":{"start":{"line":1,"column":18},"end":{"line":1,"column":null}}},"fnMap":{"0":{"name":"(anonymous_1)","decl":{"start":{"line":2,"column":28},"end":{"line":2,"column":31}},"loc":{"start":{"line":2,"column":13},"end":{"line":2,"column":28}}},"1":{"name":"(anonymous_2)","decl":{"start":{"line":27,"column":27},"end":{"line":27,"column":30}},"loc":{"start":{"line":27,"column":13},"end":{"line":27,"column":27}}}},"branchMap":{},"s":{"0":0,"1":23,"2":4},"f":{"0":0,"1":23},"b":{}}
,"D:\\React\\Belajar\\Latihan\\src\\modules\\contact_phone\\application\\add_contact\\index.tsx": {"path":"D:\\React\\Belajar\\Latihan\\src\\modules\\contact_phone\\application\\add_contact\\index.tsx","statementMap":{"0":{"start":{"line":13,"column":24},"end":{"line":13,"column":34}},"1":{"start":{"line":1,"column":37},"end":{"line":1,"column":null}},"2":{"start":{"line":3,"column":18},"end":{"line":3,"column":null}},"3":{"start":{"line":4,"column":18},"end":{"line":4,"column":null}},"4":{"start":{"line":5,"column":27},"end":{"line":5,"column":null}},"5":{"start":{"line":6,"column":24},"end":{"line":6,"column":null}},"6":{"start":{"line":7,"column":53},"end":{"line":7,"column":null}},"7":{"start":{"line":8,"column":28},"end":{"line":8,"column":null}},"8":{"start":{"line":9,"column":28},"end":{"line":9,"column":null}},"9":{"start":{"line":10,"column":18},"end":{"line":10,"column":null}},"10":{"start":{"line":14,"column":24},"end":{"line":14,"column":46}},"11":{"start":{"line":15,"column":42},"end":{"line":15,"column":57}},"12":{"start":{"line":16,"column":45},"end":{"line":22,"column":6}},"13":{"start":{"line":18,"column":35},"end":{"line":18,"column":70}},"14":{"start":{"line":19,"column":12},"end":{"line":19,"column":null}},"15":{"start":{"line":20,"column":12},"end":{"line":20,"column":null}},"16":{"start":{"line":23,"column":23},"end":{"line":25,"column":null}},"17":{"start":{"line":24,"column":8},"end":{"line":24,"column":null}},"18":{"start":{"line":27,"column":30},"end":{"line":35,"column":null}},"19":{"start":{"line":28,"column":8},"end":{"line":34,"column":null}},"20":{"start":{"line":37,"column":25},"end":{"line":47,"column":null}},"21":{"start":{"line":38,"column":31},"end":{"line":38,"column":null}},"22":{"start":{"line":39,"column":8},"end":{"line":39,"column":null}},"23":{"start":{"line":40,"column":8},"end":{"line":43,"column":null}},"24":{"start":{"line":40,"column":56},"end":{"line":43,"column":10}},"25":{"start":{"line":44,"column":8},"end":{"line":46,"column":null}},"26":{"start":{"line":45,"column":12},"end":{"line":45,"column":null}},"27":{"start":{"line":48,"column":4},"end":{"line":80,"column":null}}},"fnMap":{"0":{"name":"(anonymous_0)","decl":{"start":{"line":13,"column":24},"end":{"line":13,"column":34}},"loc":{"start":{"line":13,"column":24},"end":{"line":13,"column":34}}},"1":{"name":"(anonymous_3)","decl":{"start":{"line":17,"column":21},"end":{"line":17,"column":22}},"loc":{"start":{"line":17,"column":32},"end":{"line":21,"column":null}}},"2":{"name":"(anonymous_4)","decl":{"start":{"line":23,"column":23},"end":{"line":23,"column":29}},"loc":{"start":{"line":23,"column":29},"end":{"line":25,"column":null}}},"3":{"name":"(anonymous_5)","decl":{"start":{"line":27,"column":30},"end":{"line":27,"column":31}},"loc":{"start":{"line":27,"column":57},"end":{"line":35,"column":null}}},"4":{"name":"(anonymous_6)","decl":{"start":{"line":37,"column":25},"end":{"line":37,"column":26}},"loc":{"start":{"line":37,"column":51},"end":{"line":47,"column":null}}},"5":{"name":"(anonymous_7)","decl":{"start":{"line":40,"column":31},"end":{"line":40,"column":32}},"loc":{"start":{"line":40,"column":56},"end":{"line":43,"column":10}}},"6":{"name":"(anonymous_8)","decl":{"start":{"line":44,"column":19},"end":{"line":44,"column":25}},"loc":{"start":{"line":44,"column":25},"end":{"line":46,"column":10}}},"7":{"name":"(anonymous_9)","decl":{"start":{"line":52,"column":24},"end":{"line":52,"column":28}},"loc":{"start":{"line":52,"column":28},"end":{"line":52,"column":30}}}},"branchMap":{},"s":{"0":1,"1":1,"2":1,"3":1,"4":1,"5":1,"6":1,"7":1,"8":1,"9":1,"10":1,"11":1,"12":1,"13":0,"14":0,"15":0,"16":1,"17":1,"18":1,"19":0,"20":1,"21":0,"22":0,"23":0,"24":0,"25":0,"26":0,"27":1},"f":{"0":2,"1":0,"2":1,"3":0,"4":0,"5":0,"6":0,"7":0},"b":{}}
,"D:\\React\\Belajar\\Latihan\\src\\modules\\contact_phone\\application\\add_contact\\styles.ts": {"path":"D:\\React\\Belajar\\Latihan\\src\\modules\\contact_phone\\application\\add_contact\\styles.ts","statementMap":{"0":{"start":{"line":3,"column":13},"end":{"line":3,"column":25}},"1":{"start":{"line":20,"column":13},"end":{"line":20,"column":32}},"2":{"start":{"line":24,"column":13},"end":{"line":24,"column":28}},"3":{"start":{"line":1,"column":19},"end":{"line":1,"column":null}},"4":{"start":{"line":3,"column":28},"end":{"line":17,"column":1}}},"fnMap":{"0":{"name":"(anonymous_1)","decl":{"start":{"line":3,"column":25},"end":{"line":3,"column":28}},"loc":{"start":{"line":3,"column":13},"end":{"line":3,"column":25}}},"1":{"name":"(anonymous_2)","decl":{"start":{"line":20,"column":32},"end":{"line":20,"column":35}},"loc":{"start":{"line":20,"column":13},"end":{"line":20,"column":32}}},"2":{"name":"(anonymous_3)","decl":{"start":{"line":24,"column":28},"end":{"line":24,"column":31}},"loc":{"start":{"line":24,"column":13},"end":{"line":24,"column":28}}}},"branchMap":{},"s":{"0":0,"1":1,"2":1,"3":1,"4":1},"f":{"0":0,"1":1,"2":1},"b":{}}
,"D:\\React\\Belajar\\Latihan\\src\\modules\\contact_phone\\application\\delete_profile\\index.tsx": {"path":"D:\\React\\Belajar\\Latihan\\src\\modules\\contact_phone\\application\\delete_profile\\index.tsx","statementMap":{"0":{"start":{"line":16,"column":24},"end":{"line":16,"column":37}},"1":{"start":{"line":1,"column":37},"end":{"line":1,"column":null}},"2":{"start":{"line":3,"column":18},"end":{"line":3,"column":null}},"3":{"start":{"line":4,"column":18},"end":{"line":4,"column":null}},"4":{"start":{"line":5,"column":27},"end":{"line":5,"column":null}},"5":{"start":{"line":6,"column":100},"end":{"line":6,"column":null}},"6":{"start":{"line":7,"column":28},"end":{"line":7,"column":null}},"7":{"start":{"line":8,"column":20},"end":{"line":8,"column":null}},"8":{"start":{"line":9,"column":31},"end":{"line":9,"column":null}},"9":{"start":{"line":10,"column":18},"end":{"line":10,"column":null}},"10":{"start":{"line":11,"column":35},"end":{"line":11,"column":null}},"11":{"start":{"line":12,"column":30},"end":{"line":12,"column":null}},"12":{"start":{"line":13,"column":23},"end":{"line":13,"column":null}},"13":{"start":{"line":17,"column":25},"end":{"line":17,"column":47}},"14":{"start":{"line":18,"column":42},"end":{"line":18,"column":57}},"15":{"start":{"line":19,"column":55},"end":{"line":40,"column":6}},"16":{"start":{"line":21,"column":32},"end":{"line":21,"column":63}},"17":{"start":{"line":22,"column":40},"end":{"line":22,"column":79}},"18":{"start":{"line":23,"column":39},"end":{"line":25,"column":14}},"19":{"start":{"line":24,"column":16},"end":{"line":24,"column":38}},"20":{"start":{"line":26,"column":47},"end":{"line":28,"column":14}},"21":{"start":{"line":27,"column":16},"end":{"line":27,"column":38}},"22":{"start":{"line":29,"column":12},"end":{"line":29,"column":null}},"23":{"start":{"line":30,"column":12},"end":{"line":34,"column":null}},"24":{"start":{"line":30,"column":56},"end":{"line":34,"column":14}},"25":{"start":{"line":35,"column":12},"end":{"line":35,"column":null}},"26":{"start":{"line":36,"column":12},"end":{"line":38,"column":null}},"27":{"start":{"line":37,"column":16},"end":{"line":37,"column":null}},"28":{"start":{"line":41,"column":23},"end":{"line":43,"column":null}},"29":{"start":{"line":42,"column":8},"end":{"line":42,"column":null}},"30":{"start":{"line":45,"column":30},"end":{"line":51,"column":null}},"31":{"start":{"line":46,"column":8},"end":{"line":50,"column":null}},"32":{"start":{"line":52,"column":4},"end":{"line":101,"column":null}}},"fnMap":{"0":{"name":"(anonymous_0)","decl":{"start":{"line":16,"column":24},"end":{"line":16,"column":37}},"loc":{"start":{"line":16,"column":24},"end":{"line":16,"column":37}}},"1":{"name":"(anonymous_3)","decl":{"start":{"line":20,"column":21},"end":{"line":20,"column":27}},"loc":{"start":{"line":20,"column":27},"end":{"line":39,"column":null}}},"2":{"name":"(anonymous_4)","decl":{"start":{"line":23,"column":58},"end":{"line":23,"column":59}},"loc":{"start":{"line":23,"column":73},"end":{"line":25,"column":14}}},"3":{"name":"(anonymous_5)","decl":{"start":{"line":26,"column":74},"end":{"line":26,"column":75}},"loc":{"start":{"line":26,"column":89},"end":{"line":28,"column":14}}},"4":{"name":"(anonymous_6)","decl":{"start":{"line":30,"column":35},"end":{"line":30,"column":36}},"loc":{"start":{"line":30,"column":56},"end":{"line":34,"column":14}}},"5":{"name":"(anonymous_7)","decl":{"start":{"line":36,"column":23},"end":{"line":36,"column":29}},"loc":{"start":{"line":36,"column":29},"end":{"line":38,"column":15}}},"6":{"name":"(anonymous_8)","decl":{"start":{"line":41,"column":23},"end":{"line":41,"column":29}},"loc":{"start":{"line":41,"column":29},"end":{"line":43,"column":null}}},"7":{"name":"(anonymous_9)","decl":{"start":{"line":45,"column":30},"end":{"line":45,"column":36}},"loc":{"start":{"line":45,"column":36},"end":{"line":51,"column":null}}},"8":{"name":"(anonymous_10)","decl":{"start":{"line":56,"column":29},"end":{"line":56,"column":35}},"loc":{"start":{"line":56,"column":35},"end":{"line":56,"column":38}}}},"branchMap":{"0":{"loc":{"start":{"line":84,"column":24},"end":{"line":85,"column":77}},"type":"binary-expr","locations":[{"start":{"line":84,"column":24},"end":{"line":84,"column":29}},{"start":{"line":85,"column":28},"end":{"line":85,"column":77}}]},"1":{"loc":{"start":{"line":89,"column":24},"end":{"line":90,"column":84}},"type":"binary-expr","locations":[{"start":{"line":89,"column":24},"end":{"line":89,"column":35}},{"start":{"line":90,"column":28},"end":{"line":90,"column":84}}]},"2":{"loc":{"start":{"line":97,"column":117},"end":{"line":97,"column":139}},"type":"cond-expr","locations":[{"start":{"line":97,"column":127},"end":{"line":97,"column":131}},{"start":{"line":97,"column":134},"end":{"line":97,"column":139}}]}},"s":{"0":3,"1":2,"2":2,"3":2,"4":2,"5":2,"6":2,"7":2,"8":2,"9":2,"10":2,"11":2,"12":2,"13":4,"14":4,"15":4,"16":0,"17":0,"18":0,"19":0,"20":0,"21":0,"22":0,"23":0,"24":0,"25":0,"26":0,"27":0,"28":4,"29":1,"30":4,"31":1,"32":4},"f":{"0":7,"1":0,"2":0,"3":0,"4":0,"5":0,"6":1,"7":1,"8":0},"b":{"0":[4,0],"1":[4,0],"2":[1,3]}}
,"D:\\React\\Belajar\\Latihan\\src\\modules\\contact_phone\\application\\delete_profile\\styles.ts": {"path":"D:\\React\\Belajar\\Latihan\\src\\modules\\contact_phone\\application\\delete_profile\\styles.ts","statementMap":{"0":{"start":{"line":3,"column":13},"end":{"line":3,"column":29}},"1":{"start":{"line":8,"column":13},"end":{"line":8,"column":28}},"2":{"start":{"line":17,"column":13},"end":{"line":17,"column":23}},"3":{"start":{"line":22,"column":13},"end":{"line":22,"column":26}},"4":{"start":{"line":23,"column":13},"end":{"line":23,"column":34}},"5":{"start":{"line":1,"column":19},"end":{"line":1,"column":null}},"6":{"start":{"line":3,"column":32},"end":{"line":22,"column":13}}},"fnMap":{"0":{"name":"(anonymous_1)","decl":{"start":{"line":3,"column":29},"end":{"line":3,"column":32}},"loc":{"start":{"line":3,"column":13},"end":{"line":3,"column":29}}},"1":{"name":"(anonymous_2)","decl":{"start":{"line":8,"column":28},"end":{"line":8,"column":31}},"loc":{"start":{"line":8,"column":13},"end":{"line":8,"column":28}}},"2":{"name":"(anonymous_3)","decl":{"start":{"line":17,"column":23},"end":{"line":17,"column":26}},"loc":{"start":{"line":17,"column":13},"end":{"line":17,"column":23}}},"3":{"name":"(anonymous_4)","decl":{"start":{"line":22,"column":26},"end":{"line":22,"column":29}},"loc":{"start":{"line":22,"column":13},"end":{"line":22,"column":26}}},"4":{"name":"(anonymous_5)","decl":{"start":{"line":23,"column":34},"end":{"line":23,"column":37}},"loc":{"start":{"line":23,"column":13},"end":{"line":23,"column":34}}}},"branchMap":{},"s":{"0":4,"1":4,"2":4,"3":4,"4":4,"5":2,"6":2},"f":{"0":4,"1":4,"2":4,"3":4,"4":4},"b":{}}
,"D:\\React\\Belajar\\Latihan\\src\\modules\\contact_phone\\application\\detail_profile\\helpers.ts": {"path":"D:\\React\\Belajar\\Latihan\\src\\modules\\contact_phone\\application\\detail_profile\\helpers.ts","statementMap":{"0":{"start":{"line":1,"column":13},"end":{"line":1,"column":25}},"1":{"start":{"line":8,"column":13},"end":{"line":8,"column":27}},"2":{"start":{"line":1,"column":28},"end":{"line":6,"column":null}},"3":{"start":{"line":8,"column":30},"end":{"line":12,"column":null}}},"fnMap":{"0":{"name":"(anonymous_1)","decl":{"start":{"line":1,"column":25},"end":{"line":1,"column":28}},"loc":{"start":{"line":1,"column":13},"end":{"line":1,"column":25}}},"1":{"name":"(anonymous_2)","decl":{"start":{"line":8,"column":27},"end":{"line":8,"column":30}},"loc":{"start":{"line":8,"column":13},"end":{"line":8,"column":27}}}},"branchMap":{},"s":{"0":10,"1":10,"2":2,"3":2},"f":{"0":10,"1":10},"b":{}}
,"D:\\React\\Belajar\\Latihan\\src\\modules\\contact_phone\\application\\detail_profile\\index.tsx": {"path":"D:\\React\\Belajar\\Latihan\\src\\modules\\contact_phone\\application\\detail_profile\\index.tsx","statementMap":{"0":{"start":{"line":132,"column":0},"end":{"line":132,"column":15}},"1":{"start":{"line":1,"column":48},"end":{"line":1,"column":null}},"2":{"start":{"line":2,"column":26},"end":{"line":2,"column":null}},"3":{"start":{"line":3,"column":31},"end":{"line":3,"column":null}},"4":{"start":{"line":4,"column":25},"end":{"line":4,"column":null}},"5":{"start":{"line":5,"column":27},"end":{"line":5,"column":null}},"6":{"start":{"line":6,"column":18},"end":{"line":6,"column":null}},"7":{"start":{"line":7,"column":217},"end":{"line":7,"column":null}},"8":{"start":{"line":8,"column":23},"end":{"line":8,"column":null}},"9":{"start":{"line":9,"column":18},"end":{"line":9,"column":null}},"10":{"start":{"line":10,"column":24},"end":{"line":10,"column":null}},"11":{"start":{"line":11,"column":22},"end":{"line":11,"column":null}},"12":{"start":{"line":12,"column":21},"end":{"line":12,"column":null}},"13":{"start":{"line":13,"column":20},"end":{"line":13,"column":null}},"14":{"start":{"line":14,"column":45},"end":{"line":14,"column":null}},"15":{"start":{"line":15,"column":17},"end":{"line":15,"column":null}},"16":{"start":{"line":16,"column":22},"end":{"line":16,"column":null}},"17":{"start":{"line":17,"column":22},"end":{"line":17,"column":null}},"18":{"start":{"line":22,"column":15},"end":{"line":131,"column":1}},"19":{"start":{"line":23,"column":24},"end":{"line":23,"column":46}},"20":{"start":{"line":24,"column":40},"end":{"line":24,"column":62}},"21":{"start":{"line":25,"column":40},"end":{"line":25,"column":64}},"22":{"start":{"line":26,"column":19},"end":{"line":26,"column":30}},"23":{"start":{"line":27,"column":19},"end":{"line":27,"column":31}},"24":{"start":{"line":34,"column":4},"end":{"line":40,"column":null}},"25":{"start":{"line":35,"column":8},"end":{"line":38,"column":null}},"26":{"start":{"line":35,"column":51},"end":{"line":38,"column":10}},"27":{"start":{"line":39,"column":8},"end":{"line":39,"column":null}},"28":{"start":{"line":43,"column":25},"end":{"line":45,"column":null}},"29":{"start":{"line":44,"column":8},"end":{"line":44,"column":null}},"30":{"start":{"line":47,"column":25},"end":{"line":53,"column":null}},"31":{"start":{"line":48,"column":8},"end":{"line":52,"column":null}},"32":{"start":{"line":48,"column":36},"end":{"line":52,"column":10}},"33":{"start":{"line":55,"column":23},"end":{"line":60,"column":null}},"34":{"start":{"line":56,"column":8},"end":{"line":59,"column":null}},"35":{"start":{"line":56,"column":36},"end":{"line":59,"column":10}},"36":{"start":{"line":62,"column":4},"end":{"line":129,"column":null}},"37":{"start":{"line":89,"column":101},"end":{"line":89,"column":129}},"38":{"start":{"line":92,"column":76},"end":{"line":92,"column":101}},"39":{"start":{"line":104,"column":24},"end":{"line":104,"column":null}},"40":{"start":{"line":107,"column":94},"end":{"line":107,"column":132}},"41":{"start":{"line":116,"column":74},"end":{"line":116,"column":100}},"42":{"start":{"line":121,"column":70},"end":{"line":121,"column":94}},"43":{"start":{"line":126,"column":68},"end":{"line":126,"column":91}},"44":{"start":{"line":132,"column":15},"end":{"line":132,"column":21}}},"fnMap":{"0":{"name":"(anonymous_0)","decl":{"start":{"line":132,"column":0},"end":{"line":132,"column":15}},"loc":{"start":{"line":132,"column":0},"end":{"line":132,"column":15}}},"1":{"name":"(anonymous_2)","decl":{"start":{"line":22,"column":15},"end":{"line":22,"column":21}},"loc":{"start":{"line":22,"column":21},"end":{"line":131,"column":1}}},"2":{"name":"(anonymous_3)","decl":{"start":{"line":34,"column":14},"end":{"line":34,"column":20}},"loc":{"start":{"line":34,"column":20},"end":{"line":40,"column":6}}},"3":{"name":"(anonymous_4)","decl":{"start":{"line":35,"column":31},"end":{"line":35,"column":32}},"loc":{"start":{"line":35,"column":51},"end":{"line":38,"column":10}}},"4":{"name":"(anonymous_5)","decl":{"start":{"line":43,"column":25},"end":{"line":43,"column":31}},"loc":{"start":{"line":43,"column":31},"end":{"line":45,"column":null}}},"5":{"name":"(anonymous_6)","decl":{"start":{"line":47,"column":25},"end":{"line":47,"column":26}},"loc":{"start":{"line":47,"column":68},"end":{"line":53,"column":null}}},"6":{"name":"(anonymous_7)","decl":{"start":{"line":48,"column":22},"end":{"line":48,"column":31}},"loc":{"start":{"line":48,"column":36},"end":{"line":52,"column":10}}},"7":{"name":"(anonymous_8)","decl":{"start":{"line":55,"column":23},"end":{"line":55,"column":24}},"loc":{"start":{"line":55,"column":40},"end":{"line":60,"column":null}}},"8":{"name":"(anonymous_9)","decl":{"start":{"line":56,"column":22},"end":{"line":56,"column":31}},"loc":{"start":{"line":56,"column":36},"end":{"line":59,"column":10}}},"9":{"name":"(anonymous_10)","decl":{"start":{"line":89,"column":94},"end":{"line":89,"column":100}},"loc":{"start":{"line":89,"column":100},"end":{"line":89,"column":132}}},"10":{"name":"(anonymous_11)","decl":{"start":{"line":92,"column":69},"end":{"line":92,"column":75}},"loc":{"start":{"line":92,"column":75},"end":{"line":92,"column":103}}},"11":{"name":"(anonymous_12)","decl":{"start":{"line":103,"column":77},"end":{"line":103,"column":78}},"loc":{"start":{"line":104,"column":24},"end":{"line":104,"column":null}}},"12":{"name":"(anonymous_13)","decl":{"start":{"line":107,"column":87},"end":{"line":107,"column":93}},"loc":{"start":{"line":107,"column":93},"end":{"line":107,"column":134}}},"13":{"name":"(anonymous_14)","decl":{"start":{"line":116,"column":68},"end":{"line":116,"column":73}},"loc":{"start":{"line":116,"column":73},"end":{"line":116,"column":102}}},"14":{"name":"(anonymous_15)","decl":{"start":{"line":121,"column":64},"end":{"line":121,"column":69}},"loc":{"start":{"line":121,"column":69},"end":{"line":121,"column":96}}},"15":{"name":"(anonymous_16)","decl":{"start":{"line":126,"column":62},"end":{"line":126,"column":67}},"loc":{"start":{"line":126,"column":67},"end":{"line":126,"column":93}}}},"branchMap":{"0":{"loc":{"start":{"line":51,"column":24},"end":{"line":51,"column":77}},"type":"cond-expr","locations":[{"start":{"line":51,"column":57},"end":{"line":51,"column":73}},{"start":{"line":51,"column":75},"end":{"line":51,"column":77}}]},"1":{"loc":{"start":{"line":70,"column":13},"end":{"line":71,"column":27}},"type":"binary-expr","locations":[{"start":{"line":70,"column":13},"end":{"line":70,"column":20}},{"start":{"line":71,"column":16},"end":{"line":71,"column":27}}]},"2":{"loc":{"start":{"line":74,"column":12},"end":{"line":75,"column":65}},"type":"binary-expr","locations":[{"start":{"line":74,"column":12},"end":{"line":74,"column":17}},{"start":{"line":75,"column":16},"end":{"line":75,"column":65}}]},"3":{"loc":{"start":{"line":103,"column":21},"end":{"line":109,"column":36}},"type":"binary-expr","locations":[{"start":{"line":103,"column":21},"end":{"line":103,"column":50}},{"start":{"line":103,"column":54},"end":{"line":109,"column":36}}]},"4":{"loc":{"start":{"line":115,"column":12},"end":{"line":116,"column":111}},"type":"binary-expr","locations":[{"start":{"line":115,"column":12},"end":{"line":115,"column":34}},{"start":{"line":116,"column":16},"end":{"line":116,"column":111}}]},"5":{"loc":{"start":{"line":120,"column":12},"end":{"line":121,"column":142}},"type":"binary-expr","locations":[{"start":{"line":120,"column":12},"end":{"line":120,"column":32}},{"start":{"line":121,"column":16},"end":{"line":121,"column":142}}]},"6":{"loc":{"start":{"line":125,"column":12},"end":{"line":126,"column":103}},"type":"binary-expr","locations":[{"start":{"line":125,"column":12},"end":{"line":125,"column":31}},{"start":{"line":126,"column":16},"end":{"line":126,"column":103}}]}},"s":{"0":3,"1":2,"2":2,"3":2,"4":2,"5":2,"6":2,"7":2,"8":2,"9":2,"10":2,"11":2,"12":2,"13":2,"14":2,"15":2,"16":2,"17":2,"18":2,"19":10,"20":10,"21":10,"22":10,"23":10,"24":10,"25":3,"26":0,"27":3,"28":10,"29":0,"30":10,"31":3,"32":3,"33":10,"34":1,"35":1,"36":10,"37":2,"38":1,"39":0,"40":0,"41":0,"42":0,"43":1,"44":2},"f":{"0":3,"1":10,"2":3,"3":0,"4":0,"5":3,"6":3,"7":1,"8":1,"9":2,"10":1,"11":0,"12":0,"13":0,"14":0,"15":1},"b":{"0":[0,3],"1":[10,10],"2":[10,0],"3":[10,0],"4":[10,2],"5":[10,0],"6":[10,1]}}
,"D:\\React\\Belajar\\Latihan\\src\\modules\\contact_phone\\application\\detail_profile\\styles.ts": {"path":"D:\\React\\Belajar\\Latihan\\src\\modules\\contact_phone\\application\\detail_profile\\styles.ts","statementMap":{"0":{"start":{"line":4,"column":13},"end":{"line":4,"column":26}},"1":{"start":{"line":23,"column":13},"end":{"line":23,"column":28}},"2":{"start":{"line":31,"column":13},"end":{"line":31,"column":24}},"3":{"start":{"line":35,"column":13},"end":{"line":35,"column":31}},"4":{"start":{"line":40,"column":13},"end":{"line":40,"column":29}},"5":{"start":{"line":48,"column":13},"end":{"line":48,"column":34}},"6":{"start":{"line":53,"column":13},"end":{"line":53,"column":35}},"7":{"start":{"line":63,"column":13},"end":{"line":63,"column":24}},"8":{"start":{"line":74,"column":13},"end":{"line":74,"column":29}},"9":{"start":{"line":82,"column":13},"end":{"line":82,"column":24}},"10":{"start":{"line":89,"column":13},"end":{"line":89,"column":22}},"11":{"start":{"line":94,"column":13},"end":{"line":94,"column":27}},"12":{"start":{"line":1,"column":19},"end":{"line":1,"column":null}},"13":{"start":{"line":2,"column":17},"end":{"line":2,"column":null}}},"fnMap":{"0":{"name":"(anonymous_1)","decl":{"start":{"line":4,"column":26},"end":{"line":4,"column":29}},"loc":{"start":{"line":4,"column":13},"end":{"line":4,"column":26}}},"1":{"name":"(anonymous_2)","decl":{"start":{"line":23,"column":28},"end":{"line":23,"column":31}},"loc":{"start":{"line":23,"column":13},"end":{"line":23,"column":28}}},"2":{"name":"(anonymous_3)","decl":{"start":{"line":31,"column":24},"end":{"line":31,"column":27}},"loc":{"start":{"line":31,"column":13},"end":{"line":31,"column":24}}},"3":{"name":"(anonymous_4)","decl":{"start":{"line":35,"column":31},"end":{"line":35,"column":34}},"loc":{"start":{"line":35,"column":13},"end":{"line":35,"column":31}}},"4":{"name":"(anonymous_5)","decl":{"start":{"line":40,"column":29},"end":{"line":40,"column":32}},"loc":{"start":{"line":40,"column":13},"end":{"line":40,"column":29}}},"5":{"name":"(anonymous_6)","decl":{"start":{"line":48,"column":34},"end":{"line":48,"column":37}},"loc":{"start":{"line":48,"column":13},"end":{"line":48,"column":34}}},"6":{"name":"(anonymous_7)","decl":{"start":{"line":53,"column":35},"end":{"line":53,"column":38}},"loc":{"start":{"line":53,"column":13},"end":{"line":53,"column":35}}},"7":{"name":"(anonymous_8)","decl":{"start":{"line":63,"column":24},"end":{"line":63,"column":28}},"loc":{"start":{"line":63,"column":13},"end":{"line":63,"column":24}}},"8":{"name":"(anonymous_9)","decl":{"start":{"line":74,"column":29},"end":{"line":74,"column":32}},"loc":{"start":{"line":74,"column":13},"end":{"line":74,"column":29}}},"9":{"name":"(anonymous_10)","decl":{"start":{"line":82,"column":24},"end":{"line":82,"column":27}},"loc":{"start":{"line":82,"column":13},"end":{"line":82,"column":24}}},"10":{"name":"(anonymous_11)","decl":{"start":{"line":89,"column":22},"end":{"line":89,"column":25}},"loc":{"start":{"line":89,"column":13},"end":{"line":89,"column":22}}},"11":{"name":"(anonymous_12)","decl":{"start":{"line":94,"column":27},"end":{"line":94,"column":30}},"loc":{"start":{"line":94,"column":13},"end":{"line":94,"column":27}}}},"branchMap":{},"s":{"0":10,"1":10,"2":10,"3":10,"4":10,"5":10,"6":10,"7":20,"8":10,"9":30,"10":0,"11":0,"12":2,"13":2},"f":{"0":10,"1":10,"2":10,"3":10,"4":10,"5":10,"6":10,"7":20,"8":10,"9":30,"10":0,"11":0},"b":{}}
,"D:\\React\\Belajar\\Latihan\\src\\modules\\contact_phone\\application\\edit_contact\\index.tsx": {"path":"D:\\React\\Belajar\\Latihan\\src\\modules\\contact_phone\\application\\edit_contact\\index.tsx","statementMap":{"0":{"start":{"line":15,"column":24},"end":{"line":15,"column":35}},"1":{"start":{"line":1,"column":37},"end":{"line":1,"column":null}},"2":{"start":{"line":3,"column":18},"end":{"line":3,"column":null}},"3":{"start":{"line":4,"column":18},"end":{"line":4,"column":null}},"4":{"start":{"line":5,"column":27},"end":{"line":5,"column":null}},"5":{"start":{"line":6,"column":24},"end":{"line":6,"column":null}},"6":{"start":{"line":7,"column":47},"end":{"line":7,"column":null}},"7":{"start":{"line":8,"column":38},"end":{"line":8,"column":null}},"8":{"start":{"line":9,"column":31},"end":{"line":9,"column":null}},"9":{"start":{"line":10,"column":18},"end":{"line":10,"column":null}},"10":{"start":{"line":11,"column":23},"end":{"line":11,"column":null}},"11":{"start":{"line":12,"column":31},"end":{"line":12,"column":null}},"12":{"start":{"line":16,"column":25},"end":{"line":16,"column":47}},"13":{"start":{"line":17,"column":42},"end":{"line":17,"column":57}},"14":{"start":{"line":18,"column":37},"end":{"line":22,"column":6}},"15":{"start":{"line":23,"column":40},"end":{"line":29,"column":6}},"16":{"start":{"line":25,"column":36},"end":{"line":25,"column":63}},"17":{"start":{"line":26,"column":12},"end":{"line":26,"column":null}},"18":{"start":{"line":27,"column":12},"end":{"line":27,"column":null}},"19":{"start":{"line":30,"column":23},"end":{"line":32,"column":null}},"20":{"start":{"line":31,"column":8},"end":{"line":31,"column":null}},"21":{"start":{"line":34,"column":25},"end":{"line":34,"column":null}},"22":{"start":{"line":37,"column":30},"end":{"line":47,"column":null}},"23":{"start":{"line":38,"column":8},"end":{"line":46,"column":null}},"24":{"start":{"line":48,"column":25},"end":{"line":59,"column":null}},"25":{"start":{"line":49,"column":31},"end":{"line":49,"column":null}},"26":{"start":{"line":50,"column":34},"end":{"line":50,"column":93}},"27":{"start":{"line":50,"column":69},"end":{"line":50,"column":92}},"28":{"start":{"line":51,"column":8},"end":{"line":51,"column":53}},"29":{"start":{"line":52,"column":8},"end":{"line":55,"column":null}},"30":{"start":{"line":52,"column":52},"end":{"line":55,"column":10}},"31":{"start":{"line":56,"column":8},"end":{"line":58,"column":null}},"32":{"start":{"line":57,"column":12},"end":{"line":57,"column":null}},"33":{"start":{"line":60,"column":4},"end":{"line":104,"column":null}}},"fnMap":{"0":{"name":"(anonymous_0)","decl":{"start":{"line":15,"column":24},"end":{"line":15,"column":35}},"loc":{"start":{"line":15,"column":24},"end":{"line":15,"column":35}}},"1":{"name":"(anonymous_3)","decl":{"start":{"line":24,"column":21},"end":{"line":24,"column":22}},"loc":{"start":{"line":24,"column":32},"end":{"line":28,"column":null}}},"2":{"name":"(anonymous_4)","decl":{"start":{"line":30,"column":23},"end":{"line":30,"column":29}},"loc":{"start":{"line":30,"column":29},"end":{"line":32,"column":null}}},"3":{"name":"(anonymous_5)","decl":{"start":{"line":34,"column":25},"end":{"line":34,"column":31}},"loc":{"start":{"line":34,"column":31},"end":{"line":34,"column":null}}},"4":{"name":"(anonymous_6)","decl":{"start":{"line":37,"column":30},"end":{"line":37,"column":31}},"loc":{"start":{"line":37,"column":50},"end":{"line":47,"column":null}}},"5":{"name":"(anonymous_7)","decl":{"start":{"line":48,"column":25},"end":{"line":48,"column":26}},"loc":{"start":{"line":48,"column":44},"end":{"line":59,"column":null}}},"6":{"name":"(anonymous_8)","decl":{"start":{"line":50,"column":59},"end":{"line":50,"column":60}},"loc":{"start":{"line":50,"column":69},"end":{"line":50,"column":92}}},"7":{"name":"(anonymous_9)","decl":{"start":{"line":52,"column":31},"end":{"line":52,"column":32}},"loc":{"start":{"line":52,"column":52},"end":{"line":55,"column":10}}},"8":{"name":"(anonymous_10)","decl":{"start":{"line":56,"column":19},"end":{"line":56,"column":25}},"loc":{"start":{"line":56,"column":25},"end":{"line":58,"column":11}}},"9":{"name":"(anonymous_11)","decl":{"start":{"line":64,"column":29},"end":{"line":64,"column":35}},"loc":{"start":{"line":64,"column":35},"end":{"line":64,"column":38}}}},"branchMap":{"0":{"loc":{"start":{"line":88,"column":20},"end":{"line":89,"column":73}},"type":"binary-expr","locations":[{"start":{"line":88,"column":20},"end":{"line":88,"column":25}},{"start":{"line":89,"column":24},"end":{"line":89,"column":73}}]},"1":{"loc":{"start":{"line":93,"column":20},"end":{"line":99,"column":40}},"type":"cond-expr","locations":[{"start":{"line":93,"column":30},"end":{"line":93,"column":null}},{"start":{"line":94,"column":24},"end":{"line":99,"column":40}}]}},"s":{"0":6,"1":4,"2":4,"3":4,"4":4,"5":4,"6":4,"7":4,"8":4,"9":4,"10":4,"11":4,"12":11,"13":11,"14":11,"15":3,"16":0,"17":0,"18":0,"19":3,"20":0,"21":3,"22":3,"23":0,"24":3,"25":0,"26":0,"27":0,"28":0,"29":0,"30":0,"31":0,"32":0,"33":3},"f":{"0":17,"1":0,"2":0,"3":0,"4":0,"5":0,"6":0,"7":0,"8":0,"9":0},"b":{"0":[3,0],"1":[3,0]}}
,"D:\\React\\Belajar\\Latihan\\src\\modules\\contact_phone\\application\\edit_contact\\styles.ts": {"path":"D:\\React\\Belajar\\Latihan\\src\\modules\\contact_phone\\application\\edit_contact\\styles.ts","statementMap":{"0":{"start":{"line":2,"column":13},"end":{"line":2,"column":26}},"1":{"start":{"line":5,"column":13},"end":{"line":5,"column":28}},"2":{"start":{"line":1,"column":19},"end":{"line":1,"column":null}}},"fnMap":{"0":{"name":"(anonymous_1)","decl":{"start":{"line":2,"column":26},"end":{"line":2,"column":29}},"loc":{"start":{"line":2,"column":13},"end":{"line":2,"column":26}}},"1":{"name":"(anonymous_2)","decl":{"start":{"line":5,"column":28},"end":{"line":5,"column":31}},"loc":{"start":{"line":5,"column":13},"end":{"line":5,"column":28}}}},"branchMap":{},"s":{"0":0,"1":0,"2":4},"f":{"0":0,"1":0},"b":{}}
,"D:\\React\\Belajar\\Latihan\\src\\modules\\contact_phone\\application\\edit_phone\\index.tsx": {"path":"D:\\React\\Belajar\\Latihan\\src\\modules\\contact_phone\\application\\edit_phone\\index.tsx","statementMap":{"0":{"start":{"line":14,"column":24},"end":{"line":14,"column":33}},"1":{"start":{"line":1,"column":36},"end":{"line":1,"column":null}},"2":{"start":{"line":3,"column":18},"end":{"line":3,"column":null}},"3":{"start":{"line":4,"column":18},"end":{"line":4,"column":null}},"4":{"start":{"line":5,"column":27},"end":{"line":5,"column":null}},"5":{"start":{"line":6,"column":50},"end":{"line":6,"column":null}},"6":{"start":{"line":7,"column":29},"end":{"line":7,"column":null}},"7":{"start":{"line":8,"column":18},"end":{"line":8,"column":null}},"8":{"start":{"line":9,"column":30},"end":{"line":9,"column":null}},"9":{"start":{"line":10,"column":22},"end":{"line":10,"column":null}},"10":{"start":{"line":11,"column":23},"end":{"line":11,"column":null}},"11":{"start":{"line":15,"column":24},"end":{"line":15,"column":46}},"12":{"start":{"line":16,"column":42},"end":{"line":16,"column":57}},"13":{"start":{"line":17,"column":49},"end":{"line":23,"column":6}},"14":{"start":{"line":19,"column":35},"end":{"line":19,"column":63}},"15":{"start":{"line":20,"column":12},"end":{"line":20,"column":null}},"16":{"start":{"line":21,"column":12},"end":{"line":21,"column":null}},"17":{"start":{"line":24,"column":23},"end":{"line":26,"column":null}},"18":{"start":{"line":25,"column":8},"end":{"line":25,"column":null}},"19":{"start":{"line":27,"column":30},"end":{"line":37,"column":null}},"20":{"start":{"line":28,"column":8},"end":{"line":36,"column":null}},"21":{"start":{"line":38,"column":25},"end":{"line":46,"column":null}},"22":{"start":{"line":39,"column":31},"end":{"line":39,"column":null}},"23":{"start":{"line":40,"column":8},"end":{"line":40,"column":null}},"24":{"start":{"line":41,"column":8},"end":{"line":44,"column":null}},"25":{"start":{"line":41,"column":51},"end":{"line":44,"column":10}},"26":{"start":{"line":45,"column":8},"end":{"line":45,"column":null}},"27":{"start":{"line":47,"column":4},"end":{"line":86,"column":null}}},"fnMap":{"0":{"name":"(anonymous_0)","decl":{"start":{"line":14,"column":24},"end":{"line":14,"column":33}},"loc":{"start":{"line":14,"column":24},"end":{"line":14,"column":33}}},"1":{"name":"(anonymous_3)","decl":{"start":{"line":18,"column":21},"end":{"line":18,"column":22}},"loc":{"start":{"line":18,"column":32},"end":{"line":22,"column":null}}},"2":{"name":"(anonymous_4)","decl":{"start":{"line":24,"column":23},"end":{"line":24,"column":29}},"loc":{"start":{"line":24,"column":29},"end":{"line":26,"column":null}}},"3":{"name":"(anonymous_5)","decl":{"start":{"line":27,"column":30},"end":{"line":27,"column":31}},"loc":{"start":{"line":27,"column":49},"end":{"line":37,"column":null}}},"4":{"name":"(anonymous_6)","decl":{"start":{"line":38,"column":25},"end":{"line":38,"column":26}},"loc":{"start":{"line":38,"column":43},"end":{"line":46,"column":null}}},"5":{"name":"(anonymous_7)","decl":{"start":{"line":41,"column":31},"end":{"line":41,"column":32}},"loc":{"start":{"line":41,"column":51},"end":{"line":44,"column":10}}},"6":{"name":"(anonymous_8)","decl":{"start":{"line":51,"column":24},"end":{"line":51,"column":28}},"loc":{"start":{"line":51,"column":28},"end":{"line":51,"column":30}}}},"branchMap":{"0":{"loc":{"start":{"line":74,"column":12},"end":{"line":75,"column":64}},"type":"binary-expr","locations":[{"start":{"line":74,"column":12},"end":{"line":74,"column":17}},{"start":{"line":75,"column":16},"end":{"line":75,"column":64}}]}},"s":{"0":2,"1":3,"2":3,"3":3,"4":3,"5":3,"6":3,"7":3,"8":3,"9":3,"10":3,"11":5,"12":5,"13":5,"14":0,"15":0,"16":0,"17":1,"18":0,"19":1,"20":0,"21":1,"22":0,"23":0,"24":0,"25":0,"26":0,"27":1},"f":{"0":7,"1":0,"2":0,"3":0,"4":0,"5":0,"6":0},"b":{"0":[1,0]}}
,"D:\\React\\Belajar\\Latihan\\src\\modules\\contact_phone\\application\\edit_phone\\styles.ts": {"path":"D:\\React\\Belajar\\Latihan\\src\\modules\\contact_phone\\application\\edit_phone\\styles.ts","statementMap":{"0":{"start":{"line":3,"column":13},"end":{"line":3,"column":29}},"1":{"start":{"line":7,"column":13},"end":{"line":7,"column":28}},"2":{"start":{"line":16,"column":13},"end":{"line":16,"column":23}},"3":{"start":{"line":21,"column":13},"end":{"line":21,"column":26}},"4":{"start":{"line":22,"column":13},"end":{"line":22,"column":34}},"5":{"start":{"line":1,"column":19},"end":{"line":1,"column":null}},"6":{"start":{"line":3,"column":32},"end":{"line":16,"column":13}}},"fnMap":{"0":{"name":"(anonymous_1)","decl":{"start":{"line":3,"column":29},"end":{"line":3,"column":32}},"loc":{"start":{"line":3,"column":13},"end":{"line":3,"column":29}}},"1":{"name":"(anonymous_2)","decl":{"start":{"line":7,"column":28},"end":{"line":7,"column":31}},"loc":{"start":{"line":7,"column":13},"end":{"line":7,"column":28}}},"2":{"name":"(anonymous_3)","decl":{"start":{"line":16,"column":23},"end":{"line":16,"column":26}},"loc":{"start":{"line":16,"column":13},"end":{"line":16,"column":23}}},"3":{"name":"(anonymous_4)","decl":{"start":{"line":21,"column":26},"end":{"line":21,"column":29}},"loc":{"start":{"line":21,"column":13},"end":{"line":21,"column":26}}},"4":{"name":"(anonymous_5)","decl":{"start":{"line":22,"column":34},"end":{"line":22,"column":37}},"loc":{"start":{"line":22,"column":13},"end":{"line":22,"column":34}}}},"branchMap":{},"s":{"0":1,"1":1,"2":0,"3":0,"4":0,"5":3,"6":3},"f":{"0":1,"1":1,"2":0,"3":0,"4":0},"b":{}}
,"D:\\React\\Belajar\\Latihan\\src\\modules\\contact_phone\\application\\form_contact\\helpers.ts": {"path":"D:\\React\\Belajar\\Latihan\\src\\modules\\contact_phone\\application\\form_contact\\helpers.ts","statementMap":{"0":{"start":{"line":1,"column":13},"end":{"line":1,"column":22}},"1":{"start":{"line":2,"column":13},"end":{"line":2,"column":25}},"2":{"start":{"line":1,"column":25},"end":{"line":1,"column":30}},"3":{"start":{"line":2,"column":28},"end":{"line":2,"column":36}}},"fnMap":{"0":{"name":"(anonymous_1)","decl":{"start":{"line":1,"column":22},"end":{"line":1,"column":25}},"loc":{"start":{"line":1,"column":13},"end":{"line":1,"column":22}}},"1":{"name":"(anonymous_2)","decl":{"start":{"line":2,"column":25},"end":{"line":2,"column":28}},"loc":{"start":{"line":2,"column":13},"end":{"line":2,"column":25}}}},"branchMap":{},"s":{"0":2,"1":1,"2":6,"3":6},"f":{"0":2,"1":1},"b":{}}
,"D:\\React\\Belajar\\Latihan\\src\\modules\\contact_phone\\application\\form_contact\\index.tsx": {"path":"D:\\React\\Belajar\\Latihan\\src\\modules\\contact_phone\\application\\form_contact\\index.tsx","statementMap":{"0":{"start":{"line":12,"column":24},"end":{"line":12,"column":35}},"1":{"start":{"line":1,"column":18},"end":{"line":1,"column":null}},"2":{"start":{"line":2,"column":18},"end":{"line":2,"column":null}},"3":{"start":{"line":3,"column":24},"end":{"line":3,"column":null}},"4":{"start":{"line":4,"column":40},"end":{"line":4,"column":null}},"5":{"start":{"line":5,"column":20},"end":{"line":5,"column":null}},"6":{"start":{"line":6,"column":18},"end":{"line":6,"column":null}},"7":{"start":{"line":7,"column":29},"end":{"line":7,"column":null}},"8":{"start":{"line":8,"column":21},"end":{"line":8,"column":null}},"9":{"start":{"line":9,"column":24},"end":{"line":9,"column":null}},"10":{"start":{"line":13,"column":38},"end":{"line":17,"column":6}},"11":{"start":{"line":18,"column":63},"end":{"line":18,"column":72}},"12":{"start":{"line":20,"column":25},"end":{"line":42,"column":null}},"13":{"start":{"line":21,"column":8},"end":{"line":41,"column":null}},"14":{"start":{"line":22,"column":12},"end":{"line":29,"column":null}},"15":{"start":{"line":22,"column":39},"end":{"line":29,"column":14}},"16":{"start":{"line":30,"column":15},"end":{"line":41,"column":null}},"17":{"start":{"line":31,"column":12},"end":{"line":38,"column":null}},"18":{"start":{"line":31,"column":39},"end":{"line":38,"column":14}},"19":{"start":{"line":40,"column":12},"end":{"line":40,"column":18}},"20":{"start":{"line":44,"column":25},"end":{"line":53,"column":null}},"21":{"start":{"line":45,"column":8},"end":{"line":52,"column":null}},"22":{"start":{"line":46,"column":12},"end":{"line":46,"column":null}},"23":{"start":{"line":48,"column":13},"end":{"line":52,"column":null}},"24":{"start":{"line":49,"column":12},"end":{"line":49,"column":28}},"25":{"start":{"line":51,"column":12},"end":{"line":51,"column":null}},"26":{"start":{"line":54,"column":25},"end":{"line":69,"column":null}},"27":{"start":{"line":55,"column":8},"end":{"line":68,"column":null}},"28":{"start":{"line":56,"column":36},"end":{"line":56,"column":51}},"29":{"start":{"line":57,"column":30},"end":{"line":57,"column":null}},"30":{"start":{"line":58,"column":12},"end":{"line":58,"column":null}},"31":{"start":{"line":59,"column":12},"end":{"line":62,"column":null}},"32":{"start":{"line":59,"column":39},"end":{"line":62,"column":14}},"33":{"start":{"line":64,"column":12},"end":{"line":67,"column":null}},"34":{"start":{"line":64,"column":39},"end":{"line":67,"column":14}},"35":{"start":{"line":71,"column":23},"end":{"line":73,"column":null}},"36":{"start":{"line":72,"column":8},"end":{"line":72,"column":null}},"37":{"start":{"line":75,"column":4},"end":{"line":170,"column":null}},"38":{"start":{"line":139,"column":20},"end":{"line":139,"column":null}},"39":{"start":{"line":163,"column":50},"end":{"line":163,"column":128}}},"fnMap":{"0":{"name":"(anonymous_0)","decl":{"start":{"line":12,"column":24},"end":{"line":12,"column":35}},"loc":{"start":{"line":12,"column":24},"end":{"line":12,"column":35}}},"1":{"name":"(anonymous_3)","decl":{"start":{"line":20,"column":25},"end":{"line":20,"column":26}},"loc":{"start":{"line":20,"column":43},"end":{"line":42,"column":null}}},"2":{"name":"(anonymous_4)","decl":{"start":{"line":22,"column":25},"end":{"line":22,"column":34}},"loc":{"start":{"line":22,"column":39},"end":{"line":29,"column":14}}},"3":{"name":"(anonymous_5)","decl":{"start":{"line":31,"column":25},"end":{"line":31,"column":34}},"loc":{"start":{"line":31,"column":39},"end":{"line":38,"column":14}}},"4":{"name":"(anonymous_6)","decl":{"start":{"line":44,"column":25},"end":{"line":44,"column":26}},"loc":{"start":{"line":44,"column":44},"end":{"line":53,"column":null}}},"5":{"name":"(anonymous_7)","decl":{"start":{"line":54,"column":25},"end":{"line":54,"column":26}},"loc":{"start":{"line":54,"column":58},"end":{"line":69,"column":null}}},"6":{"name":"(anonymous_8)","decl":{"start":{"line":59,"column":25},"end":{"line":59,"column":34}},"loc":{"start":{"line":59,"column":39},"end":{"line":62,"column":14}}},"7":{"name":"(anonymous_9)","decl":{"start":{"line":64,"column":25},"end":{"line":64,"column":34}},"loc":{"start":{"line":64,"column":39},"end":{"line":67,"column":14}}},"8":{"name":"(anonymous_10)","decl":{"start":{"line":71,"column":23},"end":{"line":71,"column":29}},"loc":{"start":{"line":71,"column":29},"end":{"line":73,"column":null}}},"9":{"name":"(anonymous_11)","decl":{"start":{"line":138,"column":57},"end":{"line":138,"column":58}},"loc":{"start":{"line":139,"column":20},"end":{"line":139,"column":null}}},"10":{"name":"(anonymous_12)","decl":{"start":{"line":163,"column":42},"end":{"line":163,"column":48}},"loc":{"start":{"line":163,"column":48},"end":{"line":163,"column":null}}},"11":{"name":"(anonymous_13)","decl":{"start":{"line":168,"column":58},"end":{"line":168,"column":64}},"loc":{"start":{"line":168,"column":64},"end":{"line":168,"column":67}}}},"branchMap":{"0":{"loc":{"start":{"line":12,"column":38},"end":{"line":12,"column":50}},"type":"default-arg","locations":[{"start":{"line":12,"column":45},"end":{"line":12,"column":50}}]},"1":{"loc":{"start":{"line":14,"column":20},"end":{"line":14,"column":69}},"type":"cond-expr","locations":[{"start":{"line":14,"column":44},"end":{"line":14,"column":64}},{"start":{"line":14,"column":67},"end":{"line":14,"column":69}}]},"2":{"loc":{"start":{"line":15,"column":19},"end":{"line":15,"column":67}},"type":"cond-expr","locations":[{"start":{"line":15,"column":42},"end":{"line":15,"column":62}},{"start":{"line":15,"column":65},"end":{"line":15,"column":67}}]},"3":{"loc":{"start":{"line":16,"column":16},"end":{"line":16,"column":null}},"type":"cond-expr","locations":[{"start":{"line":16,"column":36},"end":{"line":16,"column":53}},{"start":{"line":16,"column":56},"end":{"line":16,"column":null}}]},"4":{"loc":{"start":{"line":21,"column":8},"end":{"line":41,"column":null}},"type":"if","locations":[{"start":{"line":21,"column":8},"end":{"line":41,"column":null}},{"start":{"line":30,"column":15},"end":{"line":41,"column":null}}]},"5":{"loc":{"start":{"line":30,"column":15},"end":{"line":41,"column":null}},"type":"if","locations":[{"start":{"line":30,"column":15},"end":{"line":41,"column":null}},{"start":{"line":39,"column":15},"end":{"line":41,"column":null}}]},"6":{"loc":{"start":{"line":45,"column":8},"end":{"line":52,"column":null}},"type":"if","locations":[{"start":{"line":45,"column":8},"end":{"line":52,"column":null}},{"start":{"line":48,"column":13},"end":{"line":52,"column":null}}]},"7":{"loc":{"start":{"line":45,"column":12},"end":{"line":45,"column":56}},"type":"binary-expr","locations":[{"start":{"line":45,"column":12},"end":{"line":45,"column":23}},{"start":{"line":45,"column":27},"end":{"line":45,"column":56}}]},"8":{"loc":{"start":{"line":48,"column":13},"end":{"line":52,"column":null}},"type":"if","locations":[{"start":{"line":48,"column":13},"end":{"line":52,"column":null}},{"start":{"line":50,"column":15},"end":{"line":52,"column":null}}]},"9":{"loc":{"start":{"line":55,"column":8},"end":{"line":68,"column":null}},"type":"if","locations":[{"start":{"line":55,"column":8},"end":{"line":68,"column":null}},{"start":{"line":63,"column":15},"end":{"line":68,"column":null}}]},"10":{"loc":{"start":{"line":77,"column":27},"end":{"line":77,"column":74}},"type":"cond-expr","locations":[{"start":{"line":77,"column":44},"end":{"line":77,"column":57}},{"start":{"line":77,"column":60},"end":{"line":77,"column":74}}]},"11":{"loc":{"start":{"line":80,"column":16},"end":{"line":81,"column":110}},"type":"binary-expr","locations":[{"start":{"line":80,"column":16},"end":{"line":80,"column":27}},{"start":{"line":81,"column":20},"end":{"line":81,"column":110}}]},"12":{"loc":{"start":{"line":81,"column":53},"end":{"line":81,"column":106}},"type":"cond-expr","locations":[{"start":{"line":81,"column":71},"end":{"line":81,"column":87}},{"start":{"line":81,"column":90},"end":{"line":81,"column":106}}]},"13":{"loc":{"start":{"line":85,"column":16},"end":{"line":86,"column":69}},"type":"binary-expr","locations":[{"start":{"line":85,"column":16},"end":{"line":85,"column":21}},{"start":{"line":86,"column":20},"end":{"line":86,"column":69}}]},"14":{"loc":{"start":{"line":138,"column":17},"end":{"line":166,"column":37}},"type":"binary-expr","locations":[{"start":{"line":138,"column":17},"end":{"line":138,"column":32}},{"start":{"line":138,"column":36},"end":{"line":166,"column":37}}]},"15":{"loc":{"start":{"line":155,"column":42},"end":{"line":155,"column":68}},"type":"cond-expr","locations":[{"start":{"line":155,"column":56},"end":{"line":155,"column":60}},{"start":{"line":155,"column":63},"end":{"line":155,"column":68}}]},"16":{"loc":{"start":{"line":163,"column":50},"end":{"line":163,"column":126}},"type":"cond-expr","locations":[{"start":{"line":163,"column":82},"end":{"line":163,"column":101}},{"start":{"line":163,"column":104},"end":{"line":163,"column":126}}]},"17":{"loc":{"start":{"line":168,"column":79},"end":{"line":168,"column":101}},"type":"cond-expr","locations":[{"start":{"line":168,"column":89},"end":{"line":168,"column":93}},{"start":{"line":168,"column":96},"end":{"line":168,"column":101}}]},"18":{"loc":{"start":{"line":168,"column":110},"end":{"line":168,"column":140}},"type":"cond-expr","locations":[{"start":{"line":168,"column":120},"end":{"line":168,"column":129}},{"start":{"line":168,"column":132},"end":{"line":168,"column":140}}]}},"s":{"0":6,"1":6,"2":6,"3":6,"4":6,"5":6,"6":6,"7":6,"8":6,"9":6,"10":11,"11":11,"12":11,"13":2,"14":1,"15":1,"16":1,"17":1,"18":1,"19":0,"20":11,"21":12,"22":2,"23":10,"24":8,"25":2,"26":11,"27":3,"28":1,"29":1,"30":1,"31":1,"32":1,"33":2,"34":2,"35":11,"36":1,"37":11,"38":12,"39":2},"f":{"0":17,"1":2,"2":1,"3":1,"4":12,"5":3,"6":1,"7":2,"8":1,"9":12,"10":2,"11":1},"b":{"0":[0],"1":[3,8],"2":[3,8],"3":[3,8],"4":[1,1],"5":[1,0],"6":[2,10],"7":[12,10],"8":[8,2],"9":[1,2],"10":[10,1],"11":[11,0],"12":[0,0],"13":[11,0],"14":[11,10],"15":[10,2],"16":[1,1],"17":[0,11],"18":[0,11]}}
,"D:\\React\\Belajar\\Latihan\\src\\modules\\contact_phone\\application\\form_contact\\styles.ts": {"path":"D:\\React\\Belajar\\Latihan\\src\\modules\\contact_phone\\application\\form_contact\\styles.ts","statementMap":{"0":{"start":{"line":3,"column":13},"end":{"line":3,"column":25}},"1":{"start":{"line":1,"column":19},"end":{"line":1,"column":null}}},"fnMap":{"0":{"name":"(anonymous_0)","decl":{"start":{"line":3,"column":13},"end":{"line":3,"column":25}},"loc":{"start":{"line":3,"column":13},"end":{"line":3,"column":25}}}},"branchMap":{},"s":{"0":11,"1":6},"f":{"0":11},"b":{}}
,"D:\\React\\Belajar\\Latihan\\src\\modules\\contact_phone\\application\\form_phone\\index.tsx": {"path":"D:\\React\\Belajar\\Latihan\\src\\modules\\contact_phone\\application\\form_phone\\index.tsx","statementMap":{"0":{"start":{"line":9,"column":24},"end":{"line":9,"column":33}},"1":{"start":{"line":1,"column":18},"end":{"line":1,"column":null}},"2":{"start":{"line":2,"column":18},"end":{"line":2,"column":null}},"3":{"start":{"line":3,"column":24},"end":{"line":3,"column":null}},"4":{"start":{"line":4,"column":20},"end":{"line":4,"column":null}},"5":{"start":{"line":5,"column":18},"end":{"line":5,"column":null}},"6":{"start":{"line":6,"column":19},"end":{"line":6,"column":null}},"7":{"start":{"line":10,"column":25},"end":{"line":10,"column":35}},"8":{"start":{"line":11,"column":38},"end":{"line":13,"column":6}},"9":{"start":{"line":18,"column":8},"end":{"line":18,"column":17}},"10":{"start":{"line":20,"column":25},"end":{"line":25,"column":null}},"11":{"start":{"line":21,"column":8},"end":{"line":24,"column":null}},"12":{"start":{"line":21,"column":35},"end":{"line":24,"column":10}},"13":{"start":{"line":27,"column":23},"end":{"line":29,"column":null}},"14":{"start":{"line":28,"column":8},"end":{"line":28,"column":null}},"15":{"start":{"line":31,"column":4},"end":{"line":73,"column":null}}},"fnMap":{"0":{"name":"(anonymous_0)","decl":{"start":{"line":9,"column":24},"end":{"line":9,"column":33}},"loc":{"start":{"line":9,"column":24},"end":{"line":9,"column":33}}},"1":{"name":"(anonymous_3)","decl":{"start":{"line":20,"column":25},"end":{"line":20,"column":26}},"loc":{"start":{"line":20,"column":58},"end":{"line":25,"column":null}}},"2":{"name":"(anonymous_4)","decl":{"start":{"line":21,"column":21},"end":{"line":21,"column":30}},"loc":{"start":{"line":21,"column":35},"end":{"line":24,"column":10}}},"3":{"name":"(anonymous_5)","decl":{"start":{"line":27,"column":23},"end":{"line":27,"column":29}},"loc":{"start":{"line":27,"column":29},"end":{"line":29,"column":null}}},"4":{"name":"(anonymous_6)","decl":{"start":{"line":71,"column":34},"end":{"line":71,"column":40}},"loc":{"start":{"line":71,"column":40},"end":{"line":71,"column":43}}}},"branchMap":{"0":{"loc":{"start":{"line":12,"column":22},"end":{"line":12,"column":48}},"type":"cond-expr","locations":[{"start":{"line":12,"column":34},"end":{"line":12,"column":43}},{"start":{"line":12,"column":46},"end":{"line":12,"column":48}}]},"1":{"loc":{"start":{"line":33,"column":27},"end":{"line":33,"column":70}},"type":"cond-expr","locations":[{"start":{"line":33,"column":44},"end":{"line":33,"column":55}},{"start":{"line":33,"column":58},"end":{"line":33,"column":70}}]},"2":{"loc":{"start":{"line":36,"column":16},"end":{"line":37,"column":110}},"type":"binary-expr","locations":[{"start":{"line":36,"column":16},"end":{"line":36,"column":27}},{"start":{"line":37,"column":20},"end":{"line":37,"column":110}}]},"3":{"loc":{"start":{"line":37,"column":53},"end":{"line":37,"column":106}},"type":"cond-expr","locations":[{"start":{"line":37,"column":71},"end":{"line":37,"column":87}},{"start":{"line":37,"column":90},"end":{"line":37,"column":106}}]},"4":{"loc":{"start":{"line":41,"column":16},"end":{"line":42,"column":69}},"type":"binary-expr","locations":[{"start":{"line":41,"column":16},"end":{"line":41,"column":21}},{"start":{"line":42,"column":20},"end":{"line":42,"column":69}}]},"5":{"loc":{"start":{"line":71,"column":83},"end":{"line":71,"column":105}},"type":"cond-expr","locations":[{"start":{"line":71,"column":93},"end":{"line":71,"column":97}},{"start":{"line":71,"column":100},"end":{"line":71,"column":105}}]},"6":{"loc":{"start":{"line":71,"column":114},"end":{"line":71,"column":144}},"type":"cond-expr","locations":[{"start":{"line":71,"column":124},"end":{"line":71,"column":133}},{"start":{"line":71,"column":136},"end":{"line":71,"column":144}}]}},"s":{"0":6,"1":5,"2":5,"3":5,"4":5,"5":5,"6":5,"7":6,"8":6,"9":6,"10":6,"11":0,"12":0,"13":6,"14":2,"15":6},"f":{"0":12,"1":0,"2":0,"3":2,"4":2},"b":{"0":[4,2],"1":[4,2],"2":[6,0],"3":[0,0],"4":[6,0],"5":[0,6],"6":[0,6]}}
,"D:\\React\\Belajar\\Latihan\\src\\modules\\contact_phone\\application\\new_phone\\index.tsx": {"path":"D:\\React\\Belajar\\Latihan\\src\\modules\\contact_phone\\application\\new_phone\\index.tsx","statementMap":{"0":{"start":{"line":12,"column":24},"end":{"line":12,"column":32}},"1":{"start":{"line":1,"column":24},"end":{"line":1,"column":null}},"2":{"start":{"line":3,"column":18},"end":{"line":3,"column":null}},"3":{"start":{"line":4,"column":18},"end":{"line":4,"column":null}},"4":{"start":{"line":5,"column":29},"end":{"line":5,"column":null}},"5":{"start":{"line":6,"column":27},"end":{"line":6,"column":null}},"6":{"start":{"line":7,"column":22},"end":{"line":7,"column":null}},"7":{"start":{"line":8,"column":48},"end":{"line":8,"column":null}},"8":{"start":{"line":9,"column":23},"end":{"line":9,"column":null}},"9":{"start":{"line":13,"column":42},"end":{"line":13,"column":57}},"10":{"start":{"line":14,"column":43},"end":{"line":21,"column":6}},"11":{"start":{"line":16,"column":12},"end":{"line":16,"column":null}},"12":{"start":{"line":17,"column":12},"end":{"line":19,"column":null}},"13":{"start":{"line":18,"column":16},"end":{"line":18,"column":null}},"14":{"start":{"line":22,"column":23},"end":{"line":24,"column":null}},"15":{"start":{"line":23,"column":8},"end":{"line":23,"column":null}},"16":{"start":{"line":25,"column":30},"end":{"line":32,"column":null}},"17":{"start":{"line":26,"column":8},"end":{"line":31,"column":null}},"18":{"start":{"line":33,"column":4},"end":{"line":68,"column":null}}},"fnMap":{"0":{"name":"(anonymous_0)","decl":{"start":{"line":12,"column":24},"end":{"line":12,"column":32}},"loc":{"start":{"line":12,"column":24},"end":{"line":12,"column":32}}},"1":{"name":"(anonymous_3)","decl":{"start":{"line":15,"column":21},"end":{"line":15,"column":27}},"loc":{"start":{"line":15,"column":27},"end":{"line":20,"column":null}}},"2":{"name":"(anonymous_4)","decl":{"start":{"line":17,"column":23},"end":{"line":17,"column":29}},"loc":{"start":{"line":17,"column":29},"end":{"line":19,"column":15}}},"3":{"name":"(anonymous_5)","decl":{"start":{"line":22,"column":23},"end":{"line":22,"column":29}},"loc":{"start":{"line":22,"column":29},"end":{"line":24,"column":null}}},"4":{"name":"(anonymous_6)","decl":{"start":{"line":25,"column":30},"end":{"line":25,"column":31}},"loc":{"start":{"line":25,"column":49},"end":{"line":32,"column":null}}},"5":{"name":"(anonymous_7)","decl":{"start":{"line":37,"column":24},"end":{"line":37,"column":28}},"loc":{"start":{"line":37,"column":28},"end":{"line":37,"column":30}}}},"branchMap":{},"s":{"0":2,"1":3,"2":3,"3":3,"4":3,"5":3,"6":3,"7":3,"8":3,"9":2,"10":2,"11":0,"12":0,"13":0,"14":2,"15":1,"16":2,"17":0,"18":2},"f":{"0":4,"1":0,"2":0,"3":1,"4":0,"5":0},"b":{}}
,"D:\\React\\Belajar\\Latihan\\src\\modules\\contact_phone\\application\\new_phone\\styles.ts": {"path":"D:\\React\\Belajar\\Latihan\\src\\modules\\contact_phone\\application\\new_phone\\styles.ts","statementMap":{"0":{"start":{"line":3,"column":13},"end":{"line":3,"column":27}},"1":{"start":{"line":7,"column":13},"end":{"line":7,"column":28}},"2":{"start":{"line":1,"column":19},"end":{"line":1,"column":null}}},"fnMap":{"0":{"name":"(anonymous_1)","decl":{"start":{"line":3,"column":27},"end":{"line":3,"column":30}},"loc":{"start":{"line":3,"column":13},"end":{"line":3,"column":27}}},"1":{"name":"(anonymous_2)","decl":{"start":{"line":7,"column":28},"end":{"line":7,"column":31}},"loc":{"start":{"line":7,"column":13},"end":{"line":7,"column":28}}}},"branchMap":{},"s":{"0":2,"1":2,"2":3},"f":{"0":2,"1":2},"b":{}}
,"D:\\React\\Belajar\\Latihan\\src\\pages\\contact\\detail\\[id].tsx": {"path":"D:\\React\\Belajar\\Latihan\\src\\pages\\contact\\detail\\[id].tsx","statementMap":{"0":{"start":{"line":8,"column":0},"end":{"line":8,"column":15}},"1":{"start":{"line":1,"column":26},"end":{"line":1,"column":null}},"2":{"start":{"line":3,"column":15},"end":{"line":7,"column":1}},"3":{"start":{"line":4,"column":4},"end":{"line":5,"column":null}},"4":{"start":{"line":8,"column":15},"end":{"line":8,"column":21}}},"fnMap":{"0":{"name":"(anonymous_0)","decl":{"start":{"line":8,"column":0},"end":{"line":8,"column":15}},"loc":{"start":{"line":8,"column":0},"end":{"line":8,"column":15}}},"1":{"name":"(anonymous_2)","decl":{"start":{"line":3,"column":15},"end":{"line":3,"column":21}},"loc":{"start":{"line":3,"column":21},"end":{"line":7,"column":1}}}},"branchMap":{},"s":{"0":1,"1":1,"2":1,"3":1,"4":1},"f":{"0":1,"1":1},"b":{}}
,"D:\\React\\Belajar\\Latihan\\src\\utils\\global-style.ts": {"path":"D:\\React\\Belajar\\Latihan\\src\\utils\\global-style.ts","statementMap":{"0":{"start":{"line":2,"column":13},"end":{"line":2,"column":15}},"1":{"start":{"line":1,"column":20},"end":{"line":1,"column":null}},"2":{"start":{"line":2,"column":18},"end":{"line":2,"column":70}},"3":{"start":{"line":2,"column":40},"end":{"line":2,"column":69}}},"fnMap":{"0":{"name":"(anonymous_0)","decl":{"start":{"line":2,"column":13},"end":{"line":2,"column":15}},"loc":{"start":{"line":2,"column":13},"end":{"line":2,"column":15}}},"1":{"name":"(anonymous_1)","decl":{"start":{"line":2,"column":34},"end":{"line":2,"column":36}},"loc":{"start":{"line":2,"column":40},"end":{"line":2,"column":69}}}},"branchMap":{},"s":{"0":2,"1":2,"2":2,"3":8},"f":{"0":2,"1":8},"b":{}}
,"D:\\React\\Belajar\\Latihan\\src\\utils\\local-storage-helper.ts": {"path":"D:\\React\\Belajar\\Latihan\\src\\utils\\local-storage-helper.ts","statementMap":{"0":{"start":{"line":1,"column":13},"end":{"line":1,"column":33}},"1":{"start":{"line":11,"column":13},"end":{"line":11,"column":31}},"2":{"start":{"line":20,"column":13},"end":{"line":20,"column":30}},"3":{"start":{"line":1,"column":36},"end":{"line":9,"column":1}},"4":{"start":{"line":2,"column":15},"end":{"line":2,"column":79}},"5":{"start":{"line":3,"column":2},"end":{"line":8,"column":null}},"6":{"start":{"line":4,"column":4},"end":{"line":5,"column":27}},"7":{"start":{"line":4,"column":14},"end":{"line":4,"column":38}},"8":{"start":{"line":5,"column":9},"end":{"line":5,"column":27}},"9":{"start":{"line":7,"column":4},"end":{"line":7,"column":21}},"10":{"start":{"line":11,"column":38},"end":{"line":18,"column":1}},"11":{"start":{"line":12,"column":2},"end":{"line":17,"column":null}},"12":{"start":{"line":13,"column":4},"end":{"line":13,"column":40}},"13":{"start":{"line":15,"column":28},"end":{"line":15,"column":49}},"14":{"start":{"line":16,"column":4},"end":{"line":16,"column":54}},"15":{"start":{"line":20,"column":33},"end":{"line":22,"column":1}},"16":{"start":{"line":21,"column":2},"end":{"line":21,"column":38}}},"fnMap":{"0":{"name":"(anonymous_1)","decl":{"start":{"line":1,"column":33},"end":{"line":1,"column":36}},"loc":{"start":{"line":1,"column":13},"end":{"line":1,"column":33}}},"1":{"name":"(anonymous_2)","decl":{"start":{"line":11,"column":31},"end":{"line":11,"column":38}},"loc":{"start":{"line":11,"column":13},"end":{"line":11,"column":31}}},"2":{"name":"(anonymous_3)","decl":{"start":{"line":20,"column":30},"end":{"line":20,"column":33}},"loc":{"start":{"line":20,"column":13},"end":{"line":20,"column":30}}},"3":{"name":"(anonymous_4)","decl":{"start":{"line":1,"column":36},"end":{"line":1,"column":37}},"loc":{"start":{"line":1,"column":53},"end":{"line":9,"column":1}}},"4":{"name":"(anonymous_5)","decl":{"start":{"line":11,"column":38},"end":{"line":11,"column":39}},"loc":{"start":{"line":11,"column":70},"end":{"line":18,"column":1}}},"5":{"name":"(anonymous_6)","decl":{"start":{"line":20,"column":33},"end":{"line":20,"column":34}},"loc":{"start":{"line":20,"column":50},"end":{"line":22,"column":1}}}},"branchMap":{"0":{"loc":{"start":{"line":2,"column":15},"end":{"line":2,"column":79}},"type":"binary-expr","locations":[{"start":{"line":2,"column":15},"end":{"line":2,"column":42}},{"start":{"line":2,"column":47},"end":{"line":2,"column":79}}]},"1":{"loc":{"start":{"line":4,"column":4},"end":{"line":5,"column":27}},"type":"if","locations":[{"start":{"line":4,"column":4},"end":{"line":5,"column":27}},{"start":{"line":5,"column":9},"end":{"line":5,"column":27}}]},"2":{"loc":{"start":{"line":12,"column":2},"end":{"line":17,"column":null}},"type":"if","locations":[{"start":{"line":12,"column":2},"end":{"line":17,"column":null}},{"start":{"line":14,"column":9},"end":{"line":17,"column":null}}]}},"s":{"0":2,"1":2,"2":1,"3":3,"4":2,"5":2,"6":2,"7":2,"8":0,"9":0,"10":3,"11":2,"12":0,"13":2,"14":2,"15":3,"16":1},"f":{"0":2,"1":2,"2":1,"3":2,"4":2,"5":1},"b":{"0":[2,2],"1":[2,0],"2":[0,2]}}
,"D:\\React\\Belajar\\Latihan\\src\\utils\\local-storage-key.ts": {"path":"D:\\React\\Belajar\\Latihan\\src\\utils\\local-storage-key.ts","statementMap":{"0":{"start":{"line":1,"column":13},"end":{"line":1,"column":26}},"1":{"start":{"line":1,"column":36},"end":{"line":1,"column":51}}},"fnMap":{"0":{"name":"(anonymous_0)","decl":{"start":{"line":1,"column":13},"end":{"line":1,"column":26}},"loc":{"start":{"line":1,"column":13},"end":{"line":1,"column":26}}}},"branchMap":{},"s":{"0":2,"1":2},"f":{"0":2},"b":{}}
}
