TN:
SF:src\components\alert\index.tsx
FN:4,(anonymous_0)
FN:7,(anonymous_2)
FNF:2
FNH:2
FNDA:4,(anonymous_0)
FNDA:2,(anonymous_2)
DA:1,11
DA:4,2
DA:7,2
DA:8,2
DA:9,1
DA:17,1
DA:27,2
LF:7
LH:7
BRDA:8,0,0,1
BRDA:8,0,1,1
BRF:2
BRH:2
end_of_record
TN:
SF:src\components\alert\styles.ts
FN:3,(anonymous_1)
FN:14,(anonymous_2)
FN:19,(anonymous_3)
FNF:3
FNH:3
FNDA:1,(anonymous_1)
FNDA:2,(anonymous_2)
FNDA:1,(anonymous_3)
DA:1,11
DA:3,1
DA:14,2
DA:19,1
LF:4
LH:4
BRF:0
BRH:0
end_of_record
TN:
SF:src\components\button_icon\index.tsx
FN:5,(anonymous_0)
FN:7,(anonymous_3)
FNF:2
FNH:2
FNDA:164,(anonymous_0)
FNDA:8,(anonymous_3)
DA:1,4
DA:3,4
DA:5,82
DA:7,82
DA:8,8
DA:12,82
LF:6
LH:6
BRDA:5,0,0,12
BRF:1
BRH:1
end_of_record
TN:
SF:src\components\button_icon\styles.ts
FN:3,(anonymous_0)
FNF:1
FNH:1
FNDA:82,(anonymous_0)
DA:1,4
DA:3,82
LF:2
LH:2
BRF:0
BRH:0
end_of_record
TN:
SF:src\components\buttons\index.tsx
FN:4,(anonymous_0)
FN:6,(anonymous_2)
FN:10,(anonymous_3)
FNF:3
FNH:3
FNDA:74,(anonymous_0)
FNDA:11,(anonymous_2)
FNDA:37,(anonymous_3)
DA:1,11
DA:4,37
DA:6,37
DA:7,11
DA:10,37
DA:11,37
DA:13,21
DA:19,6
DA:25,4
DA:32,6
DA:40,37
LF:11
LH:11
BRDA:4,0,0,12
BRDA:4,1,0,19
BRDA:4,2,0,16
BRDA:4,3,0,12
BRDA:11,4,0,21
BRDA:11,4,1,6
BRDA:11,4,2,4
BRDA:11,4,3,6
BRF:8
BRH:8
end_of_record
TN:
SF:src\components\buttons\styles.ts
FN:3,(anonymous_1)
FN:17,(anonymous_2)
FN:30,(anonymous_3)
FN:42,(anonymous_4)
FNF:4
FNH:4
FNDA:21,(anonymous_1)
FNDA:6,(anonymous_2)
FNDA:4,(anonymous_3)
FNDA:6,(anonymous_4)
DA:1,11
DA:3,21
DA:17,6
DA:30,4
DA:42,6
LF:5
LH:5
BRF:0
BRH:0
end_of_record
TN:
SF:src\components\cards\index.tsx
FN:4,(anonymous_0)
FNF:1
FNH:1
FNDA:2,(anonymous_0)
DA:1,1
DA:4,1
DA:6,1
LF:3
LH:3
BRF:0
BRH:0
end_of_record
TN:
SF:src\components\cards\styles.ts
FN:4,(anonymous_1)
FN:12,(anonymous_2)
FNF:2
FNH:2
FNDA:1,(anonymous_1)
FNDA:1,(anonymous_2)
DA:1,1
DA:4,1
DA:12,1
LF:3
LH:3
BRF:0
BRH:0
end_of_record
TN:
SF:src\components\contact_favorites\index.tsx
FN:8,(anonymous_0)
FN:9,(anonymous_3)
FNF:2
FNH:2
FNDA:4,(anonymous_0)
FNDA:1,(anonymous_3)
DA:1,1
DA:3,1
DA:4,1
DA:5,1
DA:8,2
DA:9,2
DA:10,1
DA:12,2
LF:8
LH:8
BRF:0
BRH:0
end_of_record
TN:
SF:src\components\contact_favorites\styles.ts
FN:4,(anonymous_1)
FN:15,(anonymous_2)
FN:22,(anonymous_3)
FN:31,(anonymous_4)
FNF:4
FNH:4
FNDA:2,(anonymous_1)
FNDA:2,(anonymous_2)
FNDA:2,(anonymous_3)
FNDA:2,(anonymous_4)
DA:1,1
DA:4,2
DA:15,2
DA:22,2
DA:31,2
LF:5
LH:5
BRF:0
BRH:0
end_of_record
TN:
SF:src\components\contact_profile\index.tsx
FN:23,(anonymous_0)
FN:36,(anonymous_3)
FN:37,(anonymous_4)
FN:38,(anonymous_5)
FN:68,(anonymous_6)
FN:71,(anonymous_7)
FN:73,(anonymous_8)
FN:78,(anonymous_9)
FN:79,(anonymous_10)
FN:85,(anonymous_11)
FN:101,(anonymous_12)
FN:106,(anonymous_13)
FN:107,(anonymous_14)
FN:108,(anonymous_15)
FN:113,(anonymous_16)
FN:118,(anonymous_17)
FNF:16
FNH:11
FNDA:21,(anonymous_0)
FNDA:7,(anonymous_3)
FNDA:7,(anonymous_4)
FNDA:0,(anonymous_5)
FNDA:3,(anonymous_6)
FNDA:2,(anonymous_7)
FNDA:3,(anonymous_8)
FNDA:0,(anonymous_9)
FNDA:0,(anonymous_10)
FNDA:2,(anonymous_11)
FNDA:1,(anonymous_12)
FNDA:1,(anonymous_13)
FNDA:1,(anonymous_14)
FNDA:1,(anonymous_15)
FNDA:0,(anonymous_16)
FNDA:0,(anonymous_17)
DA:1,1
DA:3,1
DA:4,1
DA:5,1
DA:6,1
DA:7,1
DA:8,1
DA:9,1
DA:10,1
DA:11,1
DA:12,1
DA:13,1
DA:14,1
DA:15,1
DA:16,1
DA:17,1
DA:18,1
DA:19,1
DA:23,7
DA:25,14
DA:26,14
DA:27,14
DA:31,14
DA:35,14
DA:36,14
DA:37,7
DA:38,7
DA:68,14
DA:69,3
DA:71,14
DA:72,2
DA:73,3
DA:78,14
DA:79,0
DA:85,14
DA:86,2
DA:88,14
DA:101,1
DA:106,1
DA:107,1
DA:108,1
DA:113,0
DA:118,0
LF:43
LH:40
BRDA:37,0,0,7
BRDA:37,0,1,0
BRDA:37,1,0,7
BRDA:37,1,1,7
BRDA:38,2,0,7
BRDA:38,2,1,7
BRDA:38,2,2,0
BRDA:101,3,0,1
BRDA:101,3,1,13
BRDA:102,4,0,3
BRDA:102,4,1,11
BRDA:112,5,0,14
BRDA:112,5,1,2
BRDA:117,6,0,14
BRDA:117,6,1,1
BRF:15
BRH:13
end_of_record
TN:
SF:src\components\contact_profile\styles.ts
FN:3,(anonymous_1)
FN:11,(anonymous_2)
FN:19,(anonymous_3)
FN:30,(anonymous_4)
FN:36,(anonymous_5)
FN:43,(anonymous_6)
FNF:6
FNH:6
FNDA:14,(anonymous_1)
FNDA:14,(anonymous_2)
FNDA:14,(anonymous_3)
FNDA:14,(anonymous_4)
FNDA:14,(anonymous_5)
FNDA:14,(anonymous_6)
DA:1,1
DA:3,14
DA:11,14
DA:19,14
DA:30,14
DA:36,14
DA:43,14
LF:7
LH:7
BRF:0
BRH:0
end_of_record
TN:
SF:src\components\input\index.tsx
FN:6,(anonymous_0)
FN:9,(anonymous_3)
FN:47,(anonymous_4)
FNF:3
FNH:3
FNDA:88,(anonymous_0)
FNDA:5,(anonymous_3)
FNDA:5,(anonymous_4)
DA:1,10
DA:2,10
DA:4,10
DA:6,44
DA:8,44
DA:9,44
DA:11,5
DA:12,5
DA:13,2
DA:15,3
DA:17,5
DA:18,5
DA:20,44
DA:47,5
LF:14
LH:14
BRDA:6,0,0,4
BRDA:12,1,0,2
BRDA:12,1,1,3
BRDA:22,2,0,44
BRDA:22,2,1,43
BRDA:26,3,0,44
BRDA:26,3,1,2
BRDA:50,4,0,44
BRDA:50,4,1,11
BRDA:57,5,0,44
BRDA:57,5,1,2
BRDA:58,6,0,2
BRDA:58,6,1,0
BRF:13
BRH:12
end_of_record
TN:
SF:src\components\input\styles.ts
FN:4,(anonymous_1)
FN:8,(anonymous_2)
FN:16,(anonymous_3)
FN:23,(anonymous_4)
FN:29,(anonymous_5)
FN:35,(anonymous_6)
FN:41,(anonymous_7)
FNF:7
FNH:7
FNDA:44,(anonymous_1)
FNDA:44,(anonymous_2)
FNDA:2,(anonymous_3)
FNDA:11,(anonymous_4)
FNDA:43,(anonymous_5)
FNDA:44,(anonymous_6)
FNDA:2,(anonymous_7)
DA:1,10
DA:4,44
DA:8,44
DA:16,2
DA:23,11
DA:29,43
DA:35,44
DA:41,2
LF:8
LH:8
BRF:0
BRH:0
end_of_record
TN:
SF:src\components\loading\index.tsx
FN:3,(anonymous_0)
FNF:1
FNH:1
FNDA:22,(anonymous_0)
DA:1,3
DA:3,11
DA:5,11
LF:3
LH:3
BRF:0
BRH:0
end_of_record
TN:
SF:src\components\loading\styles.ts
FN:3,(anonymous_1)
FN:13,(anonymous_2)
FNF:2
FNH:2
FNDA:11,(anonymous_1)
FNDA:11,(anonymous_2)
DA:1,3
DA:3,11
DA:13,11
LF:3
LH:3
BRF:0
BRH:0
end_of_record
TN:
SF:src\context\app-context.ts
FN:3,(anonymous_0)
FNF:1
FNH:1
FNDA:62,(anonymous_0)
DA:1,8
DA:3,62
LF:2
LH:2
BRF:0
BRH:0
end_of_record
TN:
SF:src\graphql\contact\mutations.ts
FN:3,(anonymous_1)
FN:30,(anonymous_2)
FN:43,(anonymous_3)
FN:60,(anonymous_4)
FN:70,(anonymous_5)
FNF:5
FNH:5
FNDA:2,(anonymous_1)
FNDA:4,(anonymous_2)
FNDA:6,(anonymous_3)
FNDA:5,(anonymous_4)
FNDA:3,(anonymous_5)
DA:1,8
DA:3,2
DA:30,4
DA:43,6
DA:60,5
DA:70,3
LF:6
LH:6
BRF:0
BRH:0
end_of_record
TN:
SF:src\graphql\contact\queries.ts
FN:2,(anonymous_1)
FN:27,(anonymous_2)
FNF:2
FNH:1
FNDA:0,(anonymous_1)
FNDA:23,(anonymous_2)
DA:1,4
DA:2,0
DA:27,23
LF:3
LH:2
BRF:0
BRH:0
end_of_record
TN:
SF:src\modules\contact_phone\application\add_contact\index.tsx
FN:13,(anonymous_0)
FN:17,(anonymous_3)
FN:23,(anonymous_4)
FN:27,(anonymous_5)
FN:37,(anonymous_6)
FN:40,(anonymous_7)
FN:44,(anonymous_8)
FN:52,(anonymous_9)
FNF:8
FNH:2
FNDA:2,(anonymous_0)
FNDA:0,(anonymous_3)
FNDA:1,(anonymous_4)
FNDA:0,(anonymous_5)
FNDA:0,(anonymous_6)
FNDA:0,(anonymous_7)
FNDA:0,(anonymous_8)
FNDA:0,(anonymous_9)
DA:1,1
DA:3,1
DA:4,1
DA:5,1
DA:6,1
DA:7,1
DA:8,1
DA:9,1
DA:10,1
DA:13,1
DA:14,1
DA:15,1
DA:16,1
DA:18,0
DA:19,0
DA:20,0
DA:23,1
DA:24,1
DA:27,1
DA:28,0
DA:37,1
DA:38,0
DA:39,0
DA:40,0
DA:44,0
DA:45,0
DA:48,1
LF:27
LH:18
BRF:0
BRH:0
end_of_record
TN:
SF:src\modules\contact_phone\application\add_contact\styles.ts
FN:3,(anonymous_1)
FN:20,(anonymous_2)
FN:24,(anonymous_3)
FNF:3
FNH:2
FNDA:0,(anonymous_1)
FNDA:1,(anonymous_2)
FNDA:1,(anonymous_3)
DA:1,1
DA:3,1
DA:20,1
DA:24,1
LF:4
LH:4
BRF:0
BRH:0
end_of_record
TN:
SF:src\modules\contact_phone\application\delete_profile\index.tsx
FN:16,(anonymous_0)
FN:20,(anonymous_3)
FN:23,(anonymous_4)
FN:26,(anonymous_5)
FN:30,(anonymous_6)
FN:36,(anonymous_7)
FN:41,(anonymous_8)
FN:45,(anonymous_9)
FN:56,(anonymous_10)
FNF:9
FNH:3
FNDA:7,(anonymous_0)
FNDA:0,(anonymous_3)
FNDA:0,(anonymous_4)
FNDA:0,(anonymous_5)
FNDA:0,(anonymous_6)
FNDA:0,(anonymous_7)
FNDA:1,(anonymous_8)
FNDA:1,(anonymous_9)
FNDA:0,(anonymous_10)
DA:1,2
DA:3,2
DA:4,2
DA:5,2
DA:6,2
DA:7,2
DA:8,2
DA:9,2
DA:10,2
DA:11,2
DA:12,2
DA:13,2
DA:16,3
DA:17,4
DA:18,4
DA:19,4
DA:21,0
DA:22,0
DA:23,0
DA:24,0
DA:26,0
DA:27,0
DA:29,0
DA:30,0
DA:35,0
DA:36,0
DA:37,0
DA:41,4
DA:42,1
DA:45,4
DA:46,1
DA:52,4
LF:32
LH:21
BRDA:84,0,0,4
BRDA:84,0,1,0
BRDA:89,1,0,4
BRDA:89,1,1,0
BRDA:97,2,0,1
BRDA:97,2,1,3
BRF:6
BRH:4
end_of_record
TN:
SF:src\modules\contact_phone\application\delete_profile\styles.ts
FN:3,(anonymous_1)
FN:8,(anonymous_2)
FN:17,(anonymous_3)
FN:22,(anonymous_4)
FN:23,(anonymous_5)
FNF:5
FNH:5
FNDA:4,(anonymous_1)
FNDA:4,(anonymous_2)
FNDA:4,(anonymous_3)
FNDA:4,(anonymous_4)
FNDA:4,(anonymous_5)
DA:1,2
DA:3,4
DA:8,4
DA:17,4
DA:22,4
DA:23,4
LF:6
LH:6
BRF:0
BRH:0
end_of_record
TN:
SF:src\modules\contact_phone\application\detail_profile\helpers.ts
FN:1,(anonymous_1)
FN:8,(anonymous_2)
FNF:2
FNH:2
FNDA:10,(anonymous_1)
FNDA:10,(anonymous_2)
DA:1,10
DA:8,10
LF:2
LH:2
BRF:0
BRH:0
end_of_record
TN:
SF:src\modules\contact_phone\application\detail_profile\index.tsx
FN:132,(anonymous_0)
FN:22,(anonymous_2)
FN:34,(anonymous_3)
FN:35,(anonymous_4)
FN:43,(anonymous_5)
FN:47,(anonymous_6)
FN:48,(anonymous_7)
FN:55,(anonymous_8)
FN:56,(anonymous_9)
FN:89,(anonymous_10)
FN:92,(anonymous_11)
FN:103,(anonymous_12)
FN:107,(anonymous_13)
FN:116,(anonymous_14)
FN:121,(anonymous_15)
FN:126,(anonymous_16)
FNF:16
FNH:10
FNDA:3,(anonymous_0)
FNDA:10,(anonymous_2)
FNDA:3,(anonymous_3)
FNDA:0,(anonymous_4)
FNDA:0,(anonymous_5)
FNDA:3,(anonymous_6)
FNDA:3,(anonymous_7)
FNDA:1,(anonymous_8)
FNDA:1,(anonymous_9)
FNDA:2,(anonymous_10)
FNDA:1,(anonymous_11)
FNDA:0,(anonymous_12)
FNDA:0,(anonymous_13)
FNDA:0,(anonymous_14)
FNDA:0,(anonymous_15)
FNDA:1,(anonymous_16)
DA:1,2
DA:2,2
DA:3,2
DA:4,2
DA:5,2
DA:6,2
DA:7,2
DA:8,2
DA:9,2
DA:10,2
DA:11,2
DA:12,2
DA:13,2
DA:14,2
DA:15,2
DA:16,2
DA:17,2
DA:22,2
DA:23,10
DA:24,10
DA:25,10
DA:26,10
DA:27,10
DA:34,10
DA:35,3
DA:39,3
DA:43,10
DA:44,0
DA:47,10
DA:48,3
DA:55,10
DA:56,1
DA:62,10
DA:89,2
DA:92,1
DA:104,0
DA:107,0
DA:116,0
DA:121,0
DA:126,1
DA:132,3
LF:41
LH:36
BRDA:51,0,0,0
BRDA:51,0,1,3
BRDA:70,1,0,10
BRDA:70,1,1,10
BRDA:74,2,0,10
BRDA:74,2,1,0
BRDA:103,3,0,10
BRDA:103,3,1,0
BRDA:115,4,0,10
BRDA:115,4,1,2
BRDA:120,5,0,10
BRDA:120,5,1,0
BRDA:125,6,0,10
BRDA:125,6,1,1
BRF:14
BRH:10
end_of_record
TN:
SF:src\modules\contact_phone\application\detail_profile\styles.ts
FN:4,(anonymous_1)
FN:23,(anonymous_2)
FN:31,(anonymous_3)
FN:35,(anonymous_4)
FN:40,(anonymous_5)
FN:48,(anonymous_6)
FN:53,(anonymous_7)
FN:63,(anonymous_8)
FN:74,(anonymous_9)
FN:82,(anonymous_10)
FN:89,(anonymous_11)
FN:94,(anonymous_12)
FNF:12
FNH:10
FNDA:10,(anonymous_1)
FNDA:10,(anonymous_2)
FNDA:10,(anonymous_3)
FNDA:10,(anonymous_4)
FNDA:10,(anonymous_5)
FNDA:10,(anonymous_6)
FNDA:10,(anonymous_7)
FNDA:20,(anonymous_8)
FNDA:10,(anonymous_9)
FNDA:30,(anonymous_10)
FNDA:0,(anonymous_11)
FNDA:0,(anonymous_12)
DA:1,2
DA:2,2
DA:4,10
DA:23,10
DA:31,10
DA:35,10
DA:40,10
DA:48,10
DA:53,10
DA:63,20
DA:74,10
DA:82,30
DA:89,0
DA:94,0
LF:14
LH:12
BRF:0
BRH:0
end_of_record
TN:
SF:src\modules\contact_phone\application\edit_contact\index.tsx
FN:15,(anonymous_0)
FN:24,(anonymous_3)
FN:30,(anonymous_4)
FN:34,(anonymous_5)
FN:37,(anonymous_6)
FN:48,(anonymous_7)
FN:50,(anonymous_8)
FN:52,(anonymous_9)
FN:56,(anonymous_10)
FN:64,(anonymous_11)
FNF:10
FNH:1
FNDA:17,(anonymous_0)
FNDA:0,(anonymous_3)
FNDA:0,(anonymous_4)
FNDA:0,(anonymous_5)
FNDA:0,(anonymous_6)
FNDA:0,(anonymous_7)
FNDA:0,(anonymous_8)
FNDA:0,(anonymous_9)
FNDA:0,(anonymous_10)
FNDA:0,(anonymous_11)
DA:1,4
DA:3,4
DA:4,4
DA:5,4
DA:6,4
DA:7,4
DA:8,4
DA:9,4
DA:10,4
DA:11,4
DA:12,4
DA:15,6
DA:16,11
DA:17,11
DA:18,11
DA:23,3
DA:25,0
DA:26,0
DA:27,0
DA:30,3
DA:31,0
DA:34,3
DA:37,3
DA:38,0
DA:48,3
DA:49,0
DA:50,0
DA:51,0
DA:52,0
DA:56,0
DA:57,0
DA:60,3
LF:32
LH:21
BRDA:88,0,0,3
BRDA:88,0,1,0
BRDA:93,1,0,3
BRDA:93,1,1,0
BRF:4
BRH:2
end_of_record
TN:
SF:src\modules\contact_phone\application\edit_contact\styles.ts
FN:2,(anonymous_1)
FN:5,(anonymous_2)
FNF:2
FNH:0
FNDA:0,(anonymous_1)
FNDA:0,(anonymous_2)
DA:1,4
DA:2,0
DA:5,0
LF:3
LH:1
BRF:0
BRH:0
end_of_record
TN:
SF:src\modules\contact_phone\application\edit_phone\index.tsx
FN:14,(anonymous_0)
FN:18,(anonymous_3)
FN:24,(anonymous_4)
FN:27,(anonymous_5)
FN:38,(anonymous_6)
FN:41,(anonymous_7)
FN:51,(anonymous_8)
FNF:7
FNH:1
FNDA:7,(anonymous_0)
FNDA:0,(anonymous_3)
FNDA:0,(anonymous_4)
FNDA:0,(anonymous_5)
FNDA:0,(anonymous_6)
FNDA:0,(anonymous_7)
FNDA:0,(anonymous_8)
DA:1,3
DA:3,3
DA:4,3
DA:5,3
DA:6,3
DA:7,3
DA:8,3
DA:9,3
DA:10,3
DA:11,3
DA:14,2
DA:15,5
DA:16,5
DA:17,5
DA:19,0
DA:20,0
DA:21,0
DA:24,1
DA:25,0
DA:27,1
DA:28,0
DA:38,1
DA:39,0
DA:40,0
DA:41,0
DA:45,0
DA:47,1
LF:27
LH:18
BRDA:74,0,0,1
BRDA:74,0,1,0
BRF:2
BRH:1
end_of_record
TN:
SF:src\modules\contact_phone\application\edit_phone\styles.ts
FN:3,(anonymous_1)
FN:7,(anonymous_2)
FN:16,(anonymous_3)
FN:21,(anonymous_4)
FN:22,(anonymous_5)
FNF:5
FNH:2
FNDA:1,(anonymous_1)
FNDA:1,(anonymous_2)
FNDA:0,(anonymous_3)
FNDA:0,(anonymous_4)
FNDA:0,(anonymous_5)
DA:1,3
DA:3,3
DA:7,1
DA:16,0
DA:21,0
DA:22,0
LF:6
LH:3
BRF:0
BRH:0
end_of_record
TN:
SF:src\modules\contact_phone\application\form_contact\helpers.ts
FN:1,(anonymous_1)
FN:2,(anonymous_2)
FNF:2
FNH:2
FNDA:2,(anonymous_1)
FNDA:1,(anonymous_2)
DA:1,6
DA:2,6
LF:2
LH:2
BRF:0
BRH:0
end_of_record
TN:
SF:src\modules\contact_phone\application\form_contact\index.tsx
FN:12,(anonymous_0)
FN:20,(anonymous_3)
FN:22,(anonymous_4)
FN:31,(anonymous_5)
FN:44,(anonymous_6)
FN:54,(anonymous_7)
FN:59,(anonymous_8)
FN:64,(anonymous_9)
FN:71,(anonymous_10)
FN:138,(anonymous_11)
FN:163,(anonymous_12)
FN:168,(anonymous_13)
FNF:12
FNH:12
FNDA:17,(anonymous_0)
FNDA:2,(anonymous_3)
FNDA:1,(anonymous_4)
FNDA:1,(anonymous_5)
FNDA:12,(anonymous_6)
FNDA:3,(anonymous_7)
FNDA:1,(anonymous_8)
FNDA:2,(anonymous_9)
FNDA:1,(anonymous_10)
FNDA:12,(anonymous_11)
FNDA:2,(anonymous_12)
FNDA:1,(anonymous_13)
DA:1,6
DA:2,6
DA:3,6
DA:4,6
DA:5,6
DA:6,6
DA:7,6
DA:8,6
DA:9,6
DA:12,6
DA:13,11
DA:18,11
DA:20,11
DA:21,2
DA:22,1
DA:30,1
DA:31,1
DA:40,0
DA:44,11
DA:45,12
DA:46,2
DA:48,10
DA:49,8
DA:51,2
DA:54,11
DA:55,3
DA:56,1
DA:57,1
DA:58,1
DA:59,1
DA:64,2
DA:71,11
DA:72,1
DA:75,11
DA:139,12
DA:163,2
LF:36
LH:35
BRDA:12,0,0,0
BRDA:14,1,0,3
BRDA:14,1,1,8
BRDA:15,2,0,3
BRDA:15,2,1,8
BRDA:16,3,0,3
BRDA:16,3,1,8
BRDA:21,4,0,1
BRDA:21,4,1,1
BRDA:30,5,0,1
BRDA:30,5,1,0
BRDA:45,6,0,2
BRDA:45,6,1,10
BRDA:45,7,0,12
BRDA:45,7,1,10
BRDA:48,8,0,8
BRDA:48,8,1,2
BRDA:55,9,0,1
BRDA:55,9,1,2
BRDA:77,10,0,10
BRDA:77,10,1,1
BRDA:80,11,0,11
BRDA:80,11,1,0
BRDA:81,12,0,0
BRDA:81,12,1,0
BRDA:85,13,0,11
BRDA:85,13,1,0
BRDA:138,14,0,11
BRDA:138,14,1,10
BRDA:155,15,0,10
BRDA:155,15,1,2
BRDA:163,16,0,1
BRDA:163,16,1,1
BRDA:168,17,0,0
BRDA:168,17,1,11
BRDA:168,18,0,0
BRDA:168,18,1,11
BRF:37
BRH:29
end_of_record
TN:
SF:src\modules\contact_phone\application\form_contact\styles.ts
FN:3,(anonymous_0)
FNF:1
FNH:1
FNDA:11,(anonymous_0)
DA:1,6
DA:3,11
LF:2
LH:2
BRF:0
BRH:0
end_of_record
TN:
SF:src\modules\contact_phone\application\form_phone\index.tsx
FN:9,(anonymous_0)
FN:20,(anonymous_3)
FN:21,(anonymous_4)
FN:27,(anonymous_5)
FN:71,(anonymous_6)
FNF:5
FNH:3
FNDA:12,(anonymous_0)
FNDA:0,(anonymous_3)
FNDA:0,(anonymous_4)
FNDA:2,(anonymous_5)
FNDA:2,(anonymous_6)
DA:1,5
DA:2,5
DA:3,5
DA:4,5
DA:5,5
DA:6,5
DA:9,6
DA:10,6
DA:11,6
DA:18,6
DA:20,6
DA:21,0
DA:27,6
DA:28,2
DA:31,6
LF:15
LH:14
BRDA:12,0,0,4
BRDA:12,0,1,2
BRDA:33,1,0,4
BRDA:33,1,1,2
BRDA:36,2,0,6
BRDA:36,2,1,0
BRDA:37,3,0,0
BRDA:37,3,1,0
BRDA:41,4,0,6
BRDA:41,4,1,0
BRDA:71,5,0,0
BRDA:71,5,1,6
BRDA:71,6,0,0
BRDA:71,6,1,6
BRF:14
BRH:8
end_of_record
TN:
SF:src\modules\contact_phone\application\new_phone\index.tsx
FN:12,(anonymous_0)
FN:15,(anonymous_3)
FN:17,(anonymous_4)
FN:22,(anonymous_5)
FN:25,(anonymous_6)
FN:37,(anonymous_7)
FNF:6
FNH:2
FNDA:4,(anonymous_0)
FNDA:0,(anonymous_3)
FNDA:0,(anonymous_4)
FNDA:1,(anonymous_5)
FNDA:0,(anonymous_6)
FNDA:0,(anonymous_7)
DA:1,3
DA:3,3
DA:4,3
DA:5,3
DA:6,3
DA:7,3
DA:8,3
DA:9,3
DA:12,2
DA:13,2
DA:14,2
DA:16,0
DA:17,0
DA:18,0
DA:22,2
DA:23,1
DA:25,2
DA:26,0
DA:33,2
LF:19
LH:15
BRF:0
BRH:0
end_of_record
TN:
SF:src\modules\contact_phone\application\new_phone\styles.ts
FN:3,(anonymous_1)
FN:7,(anonymous_2)
FNF:2
FNH:2
FNDA:2,(anonymous_1)
FNDA:2,(anonymous_2)
DA:1,3
DA:3,2
DA:7,2
LF:3
LH:3
BRF:0
BRH:0
end_of_record
TN:
SF:src\pages\contact\detail\[id].tsx
FN:8,(anonymous_0)
FN:3,(anonymous_2)
FNF:2
FNH:2
FNDA:1,(anonymous_0)
FNDA:1,(anonymous_2)
DA:1,1
DA:3,1
DA:4,1
DA:8,1
LF:4
LH:4
BRF:0
BRH:0
end_of_record
TN:
SF:src\utils\global-style.ts
FN:2,(anonymous_0)
FN:2,(anonymous_1)
FNF:2
FNH:2
FNDA:2,(anonymous_0)
FNDA:8,(anonymous_1)
DA:1,2
DA:2,8
LF:2
LH:2
BRF:0
BRH:0
end_of_record
TN:
SF:src\utils\local-storage-helper.ts
FN:1,(anonymous_1)
FN:11,(anonymous_2)
FN:20,(anonymous_3)
FN:1,(anonymous_4)
FN:11,(anonymous_5)
FN:20,(anonymous_6)
FNF:6
FNH:6
FNDA:2,(anonymous_1)
FNDA:2,(anonymous_2)
FNDA:1,(anonymous_3)
FNDA:2,(anonymous_4)
FNDA:2,(anonymous_5)
FNDA:1,(anonymous_6)
DA:1,3
DA:2,2
DA:3,2
DA:4,2
DA:5,0
DA:7,0
DA:11,3
DA:12,2
DA:13,0
DA:15,2
DA:16,2
DA:20,3
DA:21,1
LF:13
LH:10
BRDA:2,0,0,2
BRDA:2,0,1,2
BRDA:4,1,0,2
BRDA:4,1,1,0
BRDA:12,2,0,0
BRDA:12,2,1,2
BRF:6
BRH:4
end_of_record
TN:
SF:src\utils\local-storage-key.ts
FN:1,(anonymous_0)
FNF:1
FNH:1
FNDA:2,(anonymous_0)
DA:1,2
LF:1
LH:1
BRF:0
BRH:0
end_of_record
