TN:
SF:src\components\alert\index.tsx
FN:4,(anonymous_0)
FN:7,(anonymous_2)
FNF:2
FNH:2
FNDA:4,(anonymous_0)
FNDA:2,(anonymous_2)
DA:1,10
DA:4,2
DA:7,2
DA:8,2
DA:9,1
DA:17,1
DA:27,2
LF:7
LH:7
BRDA:8,0,0,1
BRDA:8,0,1,1
BRF:2
BRH:2
end_of_record
TN:
SF:src\components\alert\styles.ts
FN:3,(anonymous_1)
FN:14,(anonymous_2)
FN:19,(anonymous_3)
FNF:3
FNH:3
FNDA:1,(anonymous_1)
FNDA:2,(anonymous_2)
FNDA:1,(anonymous_3)
DA:1,10
DA:3,1
DA:14,2
DA:19,1
LF:4
LH:4
BRF:0
BRH:0
end_of_record
TN:
SF:src\components\button_icon\index.tsx
FN:5,(anonymous_0)
FN:7,(anonymous_3)
FNF:2
FNH:2
FNDA:158,(anonymous_0)
FNDA:8,(anonymous_3)
DA:1,3
DA:3,3
DA:5,79
DA:7,79
DA:8,8
DA:12,79
LF:6
LH:6
BRDA:5,0,0,9
BRF:1
BRH:1
end_of_record
TN:
SF:src\components\button_icon\styles.ts
FN:3,(anonymous_0)
FNF:1
FNH:1
FNDA:79,(anonymous_0)
DA:1,3
DA:3,79
LF:2
LH:2
BRF:0
BRH:0
end_of_record
TN:
SF:src\components\buttons\index.tsx
FN:4,(anonymous_0)
FN:6,(anonymous_2)
FN:10,(anonymous_3)
FNF:3
FNH:3
FNDA:74,(anonymous_0)
FNDA:11,(anonymous_2)
FNDA:37,(anonymous_3)
DA:1,10
DA:4,37
DA:6,37
DA:7,11
DA:10,37
DA:11,37
DA:13,21
DA:19,6
DA:25,4
DA:32,6
DA:40,37
LF:11
LH:11
BRDA:4,0,0,12
BRDA:4,1,0,19
BRDA:4,2,0,16
BRDA:4,3,0,12
BRDA:11,4,0,21
BRDA:11,4,1,6
BRDA:11,4,2,4
BRDA:11,4,3,6
BRF:8
BRH:8
end_of_record
TN:
SF:src\components\buttons\styles.ts
FN:3,(anonymous_1)
FN:17,(anonymous_2)
FN:30,(anonymous_3)
FN:42,(anonymous_4)
FNF:4
FNH:4
FNDA:21,(anonymous_1)
FNDA:6,(anonymous_2)
FNDA:4,(anonymous_3)
FNDA:6,(anonymous_4)
DA:1,10
DA:3,21
DA:17,6
DA:30,4
DA:42,6
LF:5
LH:5
BRF:0
BRH:0
end_of_record
TN:
SF:src\components\cards\index.tsx
FN:4,(anonymous_0)
FNF:1
FNH:1
FNDA:2,(anonymous_0)
DA:1,1
DA:4,1
DA:6,1
LF:3
LH:3
BRF:0
BRH:0
end_of_record
TN:
SF:src\components\cards\styles.ts
FN:4,(anonymous_1)
FN:12,(anonymous_2)
FNF:2
FNH:2
FNDA:1,(anonymous_1)
FNDA:1,(anonymous_2)
DA:1,1
DA:4,1
DA:12,1
LF:3
LH:3
BRF:0
BRH:0
end_of_record
TN:
SF:src\components\contact_favorites\index.tsx
FN:6,(anonymous_0)
FN:7,(anonymous_3)
FNF:2
FNH:2
FNDA:4,(anonymous_0)
FNDA:1,(anonymous_3)
DA:1,1
DA:3,1
DA:4,1
DA:6,2
DA:7,2
DA:8,1
DA:10,2
LF:7
LH:7
BRF:0
BRH:0
end_of_record
TN:
SF:src\components\contact_favorites\styles.ts
FN:4,(anonymous_1)
FN:15,(anonymous_2)
FN:22,(anonymous_3)
FN:31,(anonymous_4)
FNF:4
FNH:4
FNDA:2,(anonymous_1)
FNDA:2,(anonymous_2)
FNDA:2,(anonymous_3)
FNDA:2,(anonymous_4)
DA:1,1
DA:4,2
DA:15,2
DA:22,2
DA:31,2
LF:5
LH:5
BRF:0
BRH:0
end_of_record
TN:
SF:src\components\contact_profile\index.tsx
FN:15,(anonymous_0)
FN:36,(anonymous_3)
FN:37,(anonymous_4)
FN:38,(anonymous_5)
FN:68,(anonymous_6)
FN:71,(anonymous_7)
FN:73,(anonymous_8)
FN:78,(anonymous_9)
FN:79,(anonymous_10)
FN:85,(anonymous_11)
FN:101,(anonymous_12)
FN:106,(anonymous_13)
FN:107,(anonymous_14)
FN:108,(anonymous_15)
FN:113,(anonymous_16)
FN:118,(anonymous_17)
FNF:16
FNH:11
FNDA:21,(anonymous_0)
FNDA:7,(anonymous_3)
FNDA:7,(anonymous_4)
FNDA:0,(anonymous_5)
FNDA:3,(anonymous_6)
FNDA:2,(anonymous_7)
FNDA:3,(anonymous_8)
FNDA:0,(anonymous_9)
FNDA:0,(anonymous_10)
FNDA:2,(anonymous_11)
FNDA:1,(anonymous_12)
FNDA:1,(anonymous_13)
FNDA:1,(anonymous_14)
FNDA:1,(anonymous_15)
FNDA:0,(anonymous_16)
FNDA:0,(anonymous_17)
DA:1,1
DA:3,1
DA:4,1
DA:5,1
DA:6,1
DA:7,1
DA:8,1
DA:9,1
DA:10,1
DA:11,1
DA:15,7
DA:16,14
DA:17,14
DA:18,14
DA:19,14
DA:20,14
DA:21,14
DA:22,14
DA:23,14
DA:25,14
DA:26,14
DA:27,14
DA:31,14
DA:35,14
DA:36,14
DA:37,7
DA:38,7
DA:68,14
DA:69,3
DA:71,14
DA:72,2
DA:73,3
DA:78,14
DA:79,0
DA:85,14
DA:86,2
DA:88,14
DA:101,1
DA:106,1
DA:107,1
DA:108,1
DA:113,0
DA:118,0
LF:43
LH:40
BRDA:37,0,0,7
BRDA:37,0,1,0
BRDA:37,1,0,7
BRDA:37,1,1,7
BRDA:38,2,0,7
BRDA:38,2,1,7
BRDA:38,2,2,0
BRDA:101,3,0,1
BRDA:101,3,1,13
BRDA:102,4,0,3
BRDA:102,4,1,11
BRDA:112,5,0,14
BRDA:112,5,1,2
BRDA:117,6,0,14
BRDA:117,6,1,1
BRF:15
BRH:13
end_of_record
TN:
SF:src\components\contact_profile\styles.ts
FN:3,(anonymous_1)
FN:11,(anonymous_2)
FN:19,(anonymous_3)
FN:30,(anonymous_4)
FN:36,(anonymous_5)
FN:43,(anonymous_6)
FNF:6
FNH:6
FNDA:14,(anonymous_1)
FNDA:14,(anonymous_2)
FNDA:14,(anonymous_3)
FNDA:14,(anonymous_4)
FNDA:14,(anonymous_5)
FNDA:14,(anonymous_6)
DA:1,1
DA:3,14
DA:11,14
DA:19,14
DA:30,14
DA:36,14
DA:43,14
LF:7
LH:7
BRF:0
BRH:0
end_of_record
TN:
SF:src\components\input\index.tsx
FN:6,(anonymous_0)
FN:9,(anonymous_3)
FN:48,(anonymous_4)
FNF:3
FNH:3
FNDA:88,(anonymous_0)
FNDA:5,(anonymous_3)
FNDA:5,(anonymous_4)
DA:1,9
DA:2,9
DA:4,9
DA:6,44
DA:8,44
DA:9,44
DA:10,5
DA:12,5
DA:13,5
DA:14,2
DA:16,3
DA:18,5
DA:19,5
DA:21,44
DA:48,5
LF:15
LH:15
BRDA:6,0,0,4
BRDA:13,1,0,2
BRDA:13,1,1,3
BRDA:23,2,0,44
BRDA:23,2,1,43
BRDA:27,3,0,44
BRDA:27,3,1,2
BRDA:51,4,0,44
BRDA:51,4,1,11
BRDA:58,5,0,44
BRDA:58,5,1,2
BRDA:59,6,0,2
BRDA:59,6,1,0
BRF:13
BRH:12
end_of_record
TN:
SF:src\components\input\styles.ts
FN:4,(anonymous_1)
FN:8,(anonymous_2)
FN:16,(anonymous_3)
FN:23,(anonymous_4)
FN:29,(anonymous_5)
FN:35,(anonymous_6)
FN:41,(anonymous_7)
FNF:7
FNH:7
FNDA:44,(anonymous_1)
FNDA:44,(anonymous_2)
FNDA:2,(anonymous_3)
FNDA:11,(anonymous_4)
FNDA:43,(anonymous_5)
FNDA:44,(anonymous_6)
FNDA:2,(anonymous_7)
DA:1,9
DA:4,44
DA:8,44
DA:16,2
DA:23,11
DA:29,43
DA:35,44
DA:41,2
LF:8
LH:8
BRF:0
BRH:0
end_of_record
TN:
SF:src\components\loading\index.tsx
FN:3,(anonymous_0)
FNF:1
FNH:1
FNDA:16,(anonymous_0)
DA:1,2
DA:3,8
DA:5,8
LF:3
LH:3
BRF:0
BRH:0
end_of_record
TN:
SF:src\components\loading\styles.ts
FN:3,(anonymous_1)
FN:13,(anonymous_2)
FNF:2
FNH:2
FNDA:8,(anonymous_1)
FNDA:8,(anonymous_2)
DA:1,2
DA:3,8
DA:13,8
LF:3
LH:3
BRF:0
BRH:0
end_of_record
TN:
SF:src\context\app-context.ts
FN:3,(anonymous_0)
FNF:1
FNH:1
FNDA:57,(anonymous_0)
DA:1,7
DA:3,57
LF:2
LH:2
BRF:0
BRH:0
end_of_record
TN:
SF:src\graphql\contact\mutations.ts
FN:3,(anonymous_1)
FN:30,(anonymous_2)
FN:43,(anonymous_3)
FN:60,(anonymous_4)
FN:70,(anonymous_5)
FNF:5
FNH:5
FNDA:2,(anonymous_1)
FNDA:3,(anonymous_2)
FNDA:6,(anonymous_3)
FNDA:5,(anonymous_4)
FNDA:3,(anonymous_5)
DA:1,7
DA:3,2
DA:30,3
DA:43,6
DA:60,5
DA:70,3
LF:6
LH:6
BRF:0
BRH:0
end_of_record
TN:
SF:src\graphql\contact\queries.ts
FN:2,(anonymous_1)
FN:27,(anonymous_2)
FNF:2
FNH:1
FNDA:0,(anonymous_1)
FNDA:18,(anonymous_2)
DA:1,3
DA:2,0
DA:27,18
LF:3
LH:2
BRF:0
BRH:0
end_of_record
TN:
SF:src\modules\contact_phone\application\add_contact\index.tsx
FN:12,(anonymous_0)
FN:16,(anonymous_3)
FN:22,(anonymous_4)
FN:26,(anonymous_5)
FN:36,(anonymous_6)
FN:39,(anonymous_7)
FN:43,(anonymous_8)
FN:51,(anonymous_9)
FNF:8
FNH:2
FNDA:2,(anonymous_0)
FNDA:0,(anonymous_3)
FNDA:1,(anonymous_4)
FNDA:0,(anonymous_5)
FNDA:0,(anonymous_6)
FNDA:0,(anonymous_7)
FNDA:0,(anonymous_8)
FNDA:0,(anonymous_9)
DA:1,1
DA:3,1
DA:4,1
DA:5,1
DA:6,1
DA:7,1
DA:8,1
DA:9,1
DA:12,1
DA:13,1
DA:14,1
DA:15,1
DA:17,0
DA:18,0
DA:19,0
DA:22,1
DA:23,1
DA:26,1
DA:27,0
DA:36,1
DA:37,0
DA:38,0
DA:39,0
DA:43,0
DA:44,0
DA:47,1
LF:26
LH:17
BRF:0
BRH:0
end_of_record
TN:
SF:src\modules\contact_phone\application\add_contact\styles.ts
FN:3,(anonymous_1)
FN:20,(anonymous_2)
FN:24,(anonymous_3)
FNF:3
FNH:2
FNDA:0,(anonymous_1)
FNDA:1,(anonymous_2)
FNDA:1,(anonymous_3)
DA:1,1
DA:3,1
DA:20,1
DA:24,1
LF:4
LH:4
BRF:0
BRH:0
end_of_record
TN:
SF:src\modules\contact_phone\application\delete_profile\index.tsx
FN:15,(anonymous_0)
FN:19,(anonymous_3)
FN:22,(anonymous_4)
FN:25,(anonymous_5)
FN:29,(anonymous_6)
FN:35,(anonymous_7)
FN:40,(anonymous_8)
FN:44,(anonymous_9)
FN:55,(anonymous_10)
FNF:9
FNH:3
FNDA:7,(anonymous_0)
FNDA:0,(anonymous_3)
FNDA:0,(anonymous_4)
FNDA:0,(anonymous_5)
FNDA:0,(anonymous_6)
FNDA:0,(anonymous_7)
FNDA:1,(anonymous_8)
FNDA:1,(anonymous_9)
FNDA:0,(anonymous_10)
DA:1,2
DA:3,2
DA:4,2
DA:5,2
DA:6,2
DA:7,2
DA:8,2
DA:9,2
DA:10,2
DA:11,2
DA:12,2
DA:15,3
DA:16,4
DA:17,4
DA:18,4
DA:20,0
DA:21,0
DA:22,0
DA:23,0
DA:25,0
DA:26,0
DA:28,0
DA:29,0
DA:34,0
DA:35,0
DA:36,0
DA:40,4
DA:41,1
DA:44,4
DA:45,1
DA:51,4
LF:31
LH:20
BRDA:83,0,0,4
BRDA:83,0,1,0
BRDA:88,1,0,4
BRDA:88,1,1,0
BRDA:96,2,0,1
BRDA:96,2,1,3
BRF:6
BRH:4
end_of_record
TN:
SF:src\modules\contact_phone\application\delete_profile\styles.ts
FN:3,(anonymous_1)
FN:8,(anonymous_2)
FN:17,(anonymous_3)
FN:22,(anonymous_4)
FN:23,(anonymous_5)
FNF:5
FNH:5
FNDA:4,(anonymous_1)
FNDA:4,(anonymous_2)
FNDA:4,(anonymous_3)
FNDA:4,(anonymous_4)
FNDA:4,(anonymous_5)
DA:1,2
DA:3,4
DA:8,4
DA:17,4
DA:22,4
DA:23,4
LF:6
LH:6
BRF:0
BRH:0
end_of_record
TN:
SF:src\modules\contact_phone\application\edit_contact\index.tsx
FN:14,(anonymous_0)
FN:23,(anonymous_3)
FN:29,(anonymous_4)
FN:33,(anonymous_5)
FN:36,(anonymous_6)
FN:47,(anonymous_7)
FN:50,(anonymous_8)
FN:54,(anonymous_9)
FN:62,(anonymous_10)
FNF:9
FNH:1
FNDA:15,(anonymous_0)
FNDA:0,(anonymous_3)
FNDA:0,(anonymous_4)
FNDA:0,(anonymous_5)
FNDA:0,(anonymous_6)
FNDA:0,(anonymous_7)
FNDA:0,(anonymous_8)
FNDA:0,(anonymous_9)
FNDA:0,(anonymous_10)
DA:1,3
DA:3,3
DA:4,3
DA:5,3
DA:6,3
DA:7,3
DA:8,3
DA:9,3
DA:10,3
DA:11,3
DA:14,5
DA:15,10
DA:16,10
DA:17,10
DA:22,2
DA:24,0
DA:25,0
DA:26,0
DA:29,2
DA:30,0
DA:33,2
DA:36,2
DA:37,0
DA:47,2
DA:48,0
DA:49,0
DA:50,0
DA:54,0
DA:55,0
DA:58,2
LF:30
LH:20
BRDA:86,0,0,2
BRDA:86,0,1,0
BRDA:91,1,0,2
BRDA:91,1,1,0
BRF:4
BRH:2
end_of_record
TN:
SF:src\modules\contact_phone\application\edit_contact\styles.ts
FN:2,(anonymous_1)
FN:5,(anonymous_2)
FNF:2
FNH:0
FNDA:0,(anonymous_1)
FNDA:0,(anonymous_2)
DA:1,3
DA:2,0
DA:5,0
LF:3
LH:1
BRF:0
BRH:0
end_of_record
TN:
SF:src\modules\contact_phone\application\edit_phone\index.tsx
FN:13,(anonymous_0)
FN:17,(anonymous_3)
FN:23,(anonymous_4)
FN:26,(anonymous_5)
FN:37,(anonymous_6)
FN:40,(anonymous_7)
FN:50,(anonymous_8)
FNF:7
FNH:1
FNDA:7,(anonymous_0)
FNDA:0,(anonymous_3)
FNDA:0,(anonymous_4)
FNDA:0,(anonymous_5)
FNDA:0,(anonymous_6)
FNDA:0,(anonymous_7)
FNDA:0,(anonymous_8)
DA:1,2
DA:3,2
DA:4,2
DA:5,2
DA:6,2
DA:7,2
DA:8,2
DA:9,2
DA:10,2
DA:13,2
DA:14,5
DA:15,5
DA:16,5
DA:18,0
DA:19,0
DA:20,0
DA:23,1
DA:24,0
DA:26,1
DA:27,0
DA:37,1
DA:38,0
DA:39,0
DA:40,0
DA:44,0
DA:46,1
LF:26
LH:17
BRDA:73,0,0,1
BRDA:73,0,1,0
BRF:2
BRH:1
end_of_record
TN:
SF:src\modules\contact_phone\application\edit_phone\styles.ts
FN:3,(anonymous_1)
FN:7,(anonymous_2)
FN:16,(anonymous_3)
FN:21,(anonymous_4)
FN:22,(anonymous_5)
FNF:5
FNH:2
FNDA:1,(anonymous_1)
FNDA:1,(anonymous_2)
FNDA:0,(anonymous_3)
FNDA:0,(anonymous_4)
FNDA:0,(anonymous_5)
DA:1,2
DA:3,2
DA:7,1
DA:16,0
DA:21,0
DA:22,0
LF:6
LH:3
BRF:0
BRH:0
end_of_record
TN:
SF:src\modules\contact_phone\application\form_contact\helpers.ts
FN:1,(anonymous_1)
FN:2,(anonymous_2)
FNF:2
FNH:2
FNDA:2,(anonymous_1)
FNDA:1,(anonymous_2)
DA:1,5
DA:2,5
LF:2
LH:2
BRF:0
BRH:0
end_of_record
TN:
SF:src\modules\contact_phone\application\form_contact\index.tsx
FN:10,(anonymous_0)
FN:18,(anonymous_3)
FN:20,(anonymous_4)
FN:29,(anonymous_5)
FN:42,(anonymous_6)
FN:52,(anonymous_7)
FN:57,(anonymous_8)
FN:62,(anonymous_9)
FN:69,(anonymous_10)
FN:136,(anonymous_11)
FN:161,(anonymous_12)
FN:166,(anonymous_13)
FNF:12
FNH:12
FNDA:17,(anonymous_0)
FNDA:2,(anonymous_3)
FNDA:1,(anonymous_4)
FNDA:1,(anonymous_5)
FNDA:12,(anonymous_6)
FNDA:3,(anonymous_7)
FNDA:1,(anonymous_8)
FNDA:2,(anonymous_9)
FNDA:1,(anonymous_10)
FNDA:12,(anonymous_11)
FNDA:2,(anonymous_12)
FNDA:1,(anonymous_13)
DA:1,5
DA:2,5
DA:3,5
DA:4,5
DA:5,5
DA:6,5
DA:7,5
DA:10,6
DA:11,11
DA:16,11
DA:18,11
DA:19,2
DA:20,1
DA:28,1
DA:29,1
DA:38,0
DA:42,11
DA:43,12
DA:44,2
DA:46,10
DA:47,8
DA:49,2
DA:52,11
DA:53,3
DA:54,1
DA:55,1
DA:56,1
DA:57,1
DA:62,2
DA:69,11
DA:70,1
DA:73,11
DA:137,12
DA:161,2
LF:34
LH:33
BRDA:10,0,0,0
BRDA:12,1,0,3
BRDA:12,1,1,8
BRDA:13,2,0,3
BRDA:13,2,1,8
BRDA:14,3,0,3
BRDA:14,3,1,8
BRDA:19,4,0,1
BRDA:19,4,1,1
BRDA:28,5,0,1
BRDA:28,5,1,0
BRDA:43,6,0,2
BRDA:43,6,1,10
BRDA:43,7,0,12
BRDA:43,7,1,10
BRDA:46,8,0,8
BRDA:46,8,1,2
BRDA:53,9,0,1
BRDA:53,9,1,2
BRDA:75,10,0,10
BRDA:75,10,1,1
BRDA:78,11,0,11
BRDA:78,11,1,0
BRDA:79,12,0,0
BRDA:79,12,1,0
BRDA:83,13,0,11
BRDA:83,13,1,0
BRDA:136,14,0,11
BRDA:136,14,1,10
BRDA:153,15,0,10
BRDA:153,15,1,2
BRDA:161,16,0,1
BRDA:161,16,1,1
BRDA:166,17,0,0
BRDA:166,17,1,11
BRDA:166,18,0,0
BRDA:166,18,1,11
BRF:37
BRH:29
end_of_record
TN:
SF:src\modules\contact_phone\application\form_contact\styles.ts
FN:3,(anonymous_0)
FNF:1
FNH:1
FNDA:11,(anonymous_0)
DA:1,5
DA:3,11
LF:2
LH:2
BRF:0
BRH:0
end_of_record
TN:
SF:src\modules\contact_phone\application\form_phone\index.tsx
FN:9,(anonymous_0)
FN:20,(anonymous_3)
FN:21,(anonymous_4)
FN:27,(anonymous_5)
FN:71,(anonymous_6)
FNF:5
FNH:3
FNDA:12,(anonymous_0)
FNDA:0,(anonymous_3)
FNDA:0,(anonymous_4)
FNDA:2,(anonymous_5)
FNDA:2,(anonymous_6)
DA:1,4
DA:2,4
DA:3,4
DA:4,4
DA:5,4
DA:6,4
DA:9,6
DA:10,6
DA:11,6
DA:18,6
DA:20,6
DA:21,0
DA:27,6
DA:28,2
DA:31,6
LF:15
LH:14
BRDA:12,0,0,4
BRDA:12,0,1,2
BRDA:33,1,0,4
BRDA:33,1,1,2
BRDA:36,2,0,6
BRDA:36,2,1,0
BRDA:37,3,0,0
BRDA:37,3,1,0
BRDA:41,4,0,6
BRDA:41,4,1,0
BRDA:71,5,0,0
BRDA:71,5,1,6
BRDA:71,6,0,0
BRDA:71,6,1,6
BRF:14
BRH:8
end_of_record
TN:
SF:src\modules\contact_phone\application\new_phone\index.tsx
FN:11,(anonymous_0)
FN:14,(anonymous_3)
FN:16,(anonymous_4)
FN:21,(anonymous_5)
FN:24,(anonymous_6)
FN:36,(anonymous_7)
FNF:6
FNH:2
FNDA:4,(anonymous_0)
FNDA:0,(anonymous_3)
FNDA:0,(anonymous_4)
FNDA:1,(anonymous_5)
FNDA:0,(anonymous_6)
FNDA:0,(anonymous_7)
DA:1,2
DA:3,2
DA:4,2
DA:5,2
DA:6,2
DA:7,2
DA:8,2
DA:11,2
DA:12,2
DA:13,2
DA:15,0
DA:16,0
DA:17,0
DA:21,2
DA:22,1
DA:24,2
DA:25,0
DA:32,2
LF:18
LH:14
BRF:0
BRH:0
end_of_record
TN:
SF:src\modules\contact_phone\application\new_phone\styles.ts
FN:3,(anonymous_1)
FN:7,(anonymous_2)
FNF:2
FNH:2
FNDA:2,(anonymous_1)
FNDA:2,(anonymous_2)
DA:1,2
DA:3,2
DA:7,2
LF:3
LH:3
BRF:0
BRH:0
end_of_record
TN:
SF:src\pages\contact\detail\[id].tsx
FN:130,(anonymous_0)
FN:20,(anonymous_2)
FN:32,(anonymous_3)
FN:33,(anonymous_4)
FN:41,(anonymous_5)
FN:45,(anonymous_6)
FN:46,(anonymous_7)
FN:53,(anonymous_8)
FN:54,(anonymous_9)
FN:87,(anonymous_10)
FN:90,(anonymous_11)
FN:101,(anonymous_12)
FN:105,(anonymous_13)
FN:114,(anonymous_14)
FN:119,(anonymous_15)
FN:124,(anonymous_16)
FNF:16
FNH:10
FNDA:2,(anonymous_0)
FNDA:7,(anonymous_2)
FNDA:2,(anonymous_3)
FNDA:0,(anonymous_4)
FNDA:0,(anonymous_5)
FNDA:2,(anonymous_6)
FNDA:2,(anonymous_7)
FNDA:1,(anonymous_8)
FNDA:1,(anonymous_9)
FNDA:1,(anonymous_10)
FNDA:1,(anonymous_11)
FNDA:0,(anonymous_12)
FNDA:0,(anonymous_13)
FNDA:0,(anonymous_14)
FNDA:0,(anonymous_15)
FNDA:1,(anonymous_16)
DA:1,1
DA:2,1
DA:3,1
DA:4,1
DA:5,1
DA:6,1
DA:7,1
DA:8,1
DA:9,1
DA:10,1
DA:11,1
DA:12,1
DA:13,1
DA:14,1
DA:15,1
DA:20,1
DA:21,7
DA:22,7
DA:23,7
DA:24,7
DA:25,7
DA:32,7
DA:33,2
DA:37,2
DA:41,7
DA:42,0
DA:45,7
DA:46,2
DA:53,7
DA:54,1
DA:60,7
DA:87,1
DA:90,1
DA:102,0
DA:105,0
DA:114,0
DA:119,0
DA:124,1
DA:130,2
LF:39
LH:34
BRDA:49,0,0,0
BRDA:49,0,1,2
BRDA:68,1,0,7
BRDA:68,1,1,7
BRDA:72,2,0,7
BRDA:72,2,1,0
BRDA:101,3,0,7
BRDA:101,3,1,0
BRDA:113,4,0,7
BRDA:113,4,1,1
BRDA:118,5,0,7
BRDA:118,5,1,0
BRDA:123,6,0,7
BRDA:123,6,1,1
BRF:14
BRH:10
end_of_record
TN:
SF:src\pages\contact\detail\helpers.ts
FN:1,(anonymous_1)
FN:8,(anonymous_2)
FNF:2
FNH:2
FNDA:7,(anonymous_1)
FNDA:7,(anonymous_2)
DA:1,7
DA:8,7
LF:2
LH:2
BRF:0
BRH:0
end_of_record
TN:
SF:src\pages\contact\detail\styles.ts
FN:4,(anonymous_1)
FN:23,(anonymous_2)
FN:31,(anonymous_3)
FN:35,(anonymous_4)
FN:40,(anonymous_5)
FN:48,(anonymous_6)
FN:53,(anonymous_7)
FN:63,(anonymous_8)
FN:74,(anonymous_9)
FN:82,(anonymous_10)
FN:89,(anonymous_11)
FN:94,(anonymous_12)
FNF:12
FNH:10
FNDA:7,(anonymous_1)
FNDA:7,(anonymous_2)
FNDA:7,(anonymous_3)
FNDA:7,(anonymous_4)
FNDA:7,(anonymous_5)
FNDA:7,(anonymous_6)
FNDA:7,(anonymous_7)
FNDA:14,(anonymous_8)
FNDA:7,(anonymous_9)
FNDA:21,(anonymous_10)
FNDA:0,(anonymous_11)
FNDA:0,(anonymous_12)
DA:1,1
DA:2,1
DA:4,7
DA:23,7
DA:31,7
DA:35,7
DA:40,7
DA:48,7
DA:53,7
DA:63,14
DA:74,7
DA:82,21
DA:89,0
DA:94,0
LF:14
LH:12
BRF:0
BRH:0
end_of_record
TN:
SF:src\utils\global-style.ts
FN:2,(anonymous_0)
FN:2,(anonymous_1)
FNF:2
FNH:2
FNDA:1,(anonymous_0)
FNDA:4,(anonymous_1)
DA:1,1
DA:2,4
LF:2
LH:2
BRF:0
BRH:0
end_of_record
TN:
SF:src\utils\local-storage-helper.ts
FN:1,(anonymous_1)
FN:11,(anonymous_2)
FN:20,(anonymous_3)
FN:1,(anonymous_4)
FN:11,(anonymous_5)
FN:20,(anonymous_6)
FNF:6
FNH:6
FNDA:2,(anonymous_1)
FNDA:2,(anonymous_2)
FNDA:1,(anonymous_3)
FNDA:2,(anonymous_4)
FNDA:2,(anonymous_5)
FNDA:1,(anonymous_6)
DA:1,3
DA:2,2
DA:3,2
DA:4,2
DA:5,0
DA:7,0
DA:11,3
DA:12,2
DA:13,0
DA:15,2
DA:16,2
DA:20,3
DA:21,1
LF:13
LH:10
BRDA:2,0,0,2
BRDA:2,0,1,2
BRDA:4,1,0,2
BRDA:4,1,1,0
BRDA:12,2,0,0
BRDA:12,2,1,2
BRF:6
BRH:4
end_of_record
TN:
SF:src\utils\local-storage-key.ts
FN:1,(anonymous_0)
FNF:1
FNH:1
FNDA:2,(anonymous_0)
DA:1,2
LF:1
LH:1
BRF:0
BRH:0
end_of_record
